<?xml version="1.0" encoding="utf-8"?><testsuites name="pytest tests"><testsuite name="pytest" errors="0" failures="1" skipped="0" tests="22" time="14.399" timestamp="2026-07-21T03:06:21.273254+00:00" hostname="agent-env-94da76c9-54af-41b6-afd3-dee03e09b776"><testcase classname="tests.test_ai_upload_e2e.TestUploadValidation" name="test_anonymous_upload_rejected" time="0.249" /><testcase classname="tests.test_ai_upload_e2e.TestUploadValidation" name="test_unsupported_extension" time="0.424" /><testcase classname="tests.test_ai_upload_e2e.TestUploadValidation" name="test_unsupported_txt" time="0.045" /><testcase classname="tests.test_ai_upload_e2e.TestUploadValidation" name="test_empty_file" time="0.044" /><testcase classname="tests.test_ai_upload_e2e.TestUploadValidation" name="test_too_large" time="0.383" /><testcase classname="tests.test_ai_upload_e2e.TestUploadValidation" name="test_corrupted_docx" time="0.076" /><testcase classname="tests.test_ai_upload_e2e.TestUploadValidation" name="test_whitespace_only_csv_returns_422" time="0.043" /><testcase classname="tests.test_ai_upload_e2e.TestUploadFormats" name="test_csv_upload_returns_expected_fields" time="0.093" /><testcase classname="tests.test_ai_upload_e2e.TestUploadFormats" name="test_docx_upload_extracts_text" time="0.144" /><testcase classname="tests.test_ai_upload_e2e.TestUploadFormats" name="test_xlsx_upload_extracts_text" time="0.524" /><testcase classname="tests.test_ai_upload_e2e.TestUploadFormats" name="test_pptx_upload_extracts_text" time="0.175" /><testcase classname="tests.test_ai_upload_e2e.TestUploadFormats" name="test_pdf_upload_extracts_text" time="0.143" /><testcase classname="tests.test_ai_upload_e2e.TestDeleteAndOwnership" name="test_delete_own_upload" time="0.087" /><testcase classname="tests.test_ai_upload_e2e.TestDeleteAndOwnership" name="test_delete_nonexistent" time="0.043" /><testcase classname="tests.test_ai_upload_e2e.TestDeleteAndOwnership" name="test_cannot_delete_other_users_upload" time="0.555" /><testcase classname="tests.test_ai_upload_e2e.TestChatWithFiles" name="test_chat_with_file_context[zyona]" time="1.231" /><testcase classname="tests.test_ai_upload_e2e.TestChatWithFiles" name="test_chat_with_file_context[zyntha]" time="1.279" /><testcase classname="tests.test_ai_upload_e2e.TestChatWithFiles" name="test_chat_with_file_context[thoro]" time="1.632" /><testcase classname="tests.test_ai_upload_e2e.TestChatWithFiles" name="test_chat_with_file_context[zynthoro_assist]" time="1.057" /><testcase classname="tests.test_ai_upload_e2e.TestChatWithFiles" name="test_file_owner_isolation" time="4.038" /><testcase classname="tests.test_ai_upload_e2e.TestChatWithFiles" name="test_stream_with_file_context" time="1.905" /><testcase classname="tests.test_ai_upload_e2e.TestTTLIndex" name="test_ttl_index_exists" time="0.096"><failure message="pymongo.errors.InvalidURI: Invalid URI scheme: URI must begin with 'mongodb://' or 'mongodb+srv://'">tests/test_ai_upload_e2e.py:306: in test_ttl_index_exists
    client = MongoClient(mongo_url)
             ^^^^^^^^^^^^^^^^^^^^^^
/root/.venv/lib/python3.11/site-packages/pymongo/mongo_client.py:766: in __init__
    res = uri_parser.parse_uri(
/root/.venv/lib/python3.11/site-packages/pymongo/uri_parser.py:496: in parse_uri
    raise InvalidURI(f"Invalid URI scheme: URI must begin with '{SCHEME}' or '{SRV_SCHEME}'")
E   pymongo.errors.InvalidURI: Invalid URI scheme: URI must begin with 'mongodb://' or 'mongodb+srv://'</failure></testcase></testsuite></testsuites>