<?xml version="1.0" encoding="utf-8"?><testsuites name="pytest tests"><testsuite name="pytest" errors="0" failures="0" skipped="0" tests="17" time="4.756" timestamp="2026-07-21T06:30:47.980634+00:00" hostname="agent-env-94da76c9-54af-41b6-afd3-dee03e09b776"><testcase classname="tests.test_session_c2_api_20260215.TestProjects" name="test_list_projects_with_totals" time="0.437" /><testcase classname="tests.test_session_c2_api_20260215.TestProjects" name="test_project_lifecycle" time="0.554" /><testcase classname="tests.test_session_c2_api_20260215.TestProjects" name="test_list_has_task_counts" time="0.047" /><testcase classname="tests.test_session_c2_api_20260215.TestPlanning" name="test_sprint_flow" time="0.627" /><testcase classname="tests.test_session_c2_api_20260215.TestTimeTracking" name="test_timer_start_stop" time="0.297" /><testcase classname="tests.test_session_c2_api_20260215.TestTimeTracking" name="test_manual_entry_and_totals" time="0.191" /><testcase classname="tests.test_session_c2_api_20260215.TestTimeTracking" name="test_timesheet_week_start_monday" time="0.048" /><testcase classname="tests.test_session_c2_api_20260215.TestTimeTracking" name="test_csv_export" time="0.051" /><testcase classname="tests.test_session_c2_api_20260215.TestJurySeed" name="test_jury_projects_seed" time="0.405" /><testcase classname="tests.test_session_c2_api_20260215.TestJurySeed" name="test_jury_sprint_and_time" time="0.104" /><testcase classname="tests.test_session_c2_20260215" name="test_project_progress_recomputed_from_tasks" time="0.006" /><testcase classname="tests.test_session_c2_20260215" name="test_project_cascade_deletes_tasks_and_milestones" time="0.003" /><testcase classname="tests.test_session_c2_20260215" name="test_sprint_summary_shape" time="0.002" /><testcase classname="tests.test_session_c2_20260215" name="test_delete_sprint_detaches_but_keeps_tasks" time="0.002" /><testcase classname="tests.test_session_c2_20260215" name="test_monday_calculation_is_iso_week" time="0.000" /><testcase classname="tests.test_session_c2_20260215" name="test_finalize_timer_creates_entry_and_deletes_timer" time="0.002" /><testcase classname="tests.test_session_c2_20260215" name="test_time_entries_are_scoped_by_workspace" time="0.001" /></testsuite></testsuites>