<?xml version="1.0" encoding="utf-8"?><testsuites name="pytest tests"><testsuite name="pytest" errors="0" failures="6" skipped="1" tests="51" time="28.128" timestamp="2026-07-20T17:05:44.554556+00:00" hostname="agent-env-94da76c9-54af-41b6-afd3-dee03e09b776"><testcase classname="tests.test_admin_disable_2fa" name="test_missing_header_returns_401" time="0.145" /><testcase classname="tests.test_admin_disable_2fa" name="test_wrong_key_returns_401" time="0.105" /><testcase classname="tests.test_admin_disable_2fa" name="test_unknown_email_returns_404" time="0.104" /><testcase classname="tests.test_admin_disable_2fa" name="test_invalid_email_format_returns_422" time="0.094" /><testcase classname="tests.test_admin_disable_2fa" name="test_disable_2fa_on_existing_qa_user" time="2.993" /><testcase classname="tests.test_admin_disable_2fa" name="test_disable_2fa_with_set_founder_true_promotes_user" time="0.117" /><testcase classname="tests.test_admin_disable_2fa" name="test_email_is_lowercased_before_lookup" time="0.119" /><testcase classname="tests.test_admin_disable_2fa" name="test_seed_endpoint_still_works" time="1.436" /><testcase classname="tests.test_admin_disable_2fa" name="test_seed_endpoint_wrong_key_401" time="0.115" /><testcase classname="tests.test_qa_kickstart_provisioning" name="test_qa_account_direct_login[qa-kickstart1@zynthoro.io-QaKick1!Test-kickstart_1-79.0]" time="0.322" /><testcase classname="tests.test_qa_kickstart_provisioning" name="test_qa_account_direct_login[qa-kickstart2@zynthoro.io-QaKick2!Test-kickstart_2-149.0]" time="0.324" /><testcase classname="tests.test_qa_kickstart_provisioning" name="test_qa_account_direct_login[qa-kickstart3@zynthoro.io-QaKick3!Test-kickstart_3-199.0]" time="0.336" /><testcase classname="tests.test_qa_kickstart_provisioning" name="test_qa_account_direct_login[qa-compleet@zynthoro.io-QaComp!Test-compleet-79.99]" time="0.325" /><testcase classname="tests.test_qa_kickstart_provisioning" name="test_qa_account_direct_login[qa-aiweek@zynthoro.io-QaWeek!Test-ai_social_week-24.99]" time="0.350" /><testcase classname="tests.test_qa_kickstart_provisioning" name="test_qa_account_direct_login[qa-aimonth@zynthoro.io-QaMonth!Test-ai_social_month-59.99]" time="0.356" /><testcase classname="tests.test_qa_kickstart_provisioning" name="test_qa_account_tier_context[qa-kickstart1@zynthoro.io-QaKick1!Test-kickstart_1-79.0]" time="0.452"><failure message="AssertionError: {'plan_key': 'Presale', 'modules': ['settings', 'team'], 'workspaces': 1, 'seats': 1, ...}&#10;assert None == 10">tests/test_qa_kickstart_provisioning.py:72: in test_qa_account_tier_context
    assert tier["ai_credits_limit"] == 10, tier
E   AssertionError: {'plan_key': 'Presale', 'modules': ['settings', 'team'], 'workspaces': 1, 'seats': 1, ...}
E   assert None == 10</failure></testcase><testcase classname="tests.test_qa_kickstart_provisioning" name="test_qa_account_tier_context[qa-kickstart2@zynthoro.io-QaKick2!Test-kickstart_2-149.0]" time="0.466"><failure message="AssertionError: {'plan_key': 'Presale', 'modules': ['settings', 'team'], 'workspaces': 1, 'seats': 1, ...}&#10;assert None == 10">tests/test_qa_kickstart_provisioning.py:72: in test_qa_account_tier_context
    assert tier["ai_credits_limit"] == 10, tier
E   AssertionError: {'plan_key': 'Presale', 'modules': ['settings', 'team'], 'workspaces': 1, 'seats': 1, ...}
E   assert None == 10</failure></testcase><testcase classname="tests.test_qa_kickstart_provisioning" name="test_qa_account_tier_context[qa-kickstart3@zynthoro.io-QaKick3!Test-kickstart_3-199.0]" time="0.442"><failure message="AssertionError: {'plan_key': 'Presale', 'modules': ['settings', 'team'], 'workspaces': 1, 'seats': 1, ...}&#10;assert None == 10">tests/test_qa_kickstart_provisioning.py:72: in test_qa_account_tier_context
    assert tier["ai_credits_limit"] == 10, tier
E   AssertionError: {'plan_key': 'Presale', 'modules': ['settings', 'team'], 'workspaces': 1, 'seats': 1, ...}
E   assert None == 10</failure></testcase><testcase classname="tests.test_qa_kickstart_provisioning" name="test_qa_account_tier_context[qa-compleet@zynthoro.io-QaComp!Test-compleet-79.99]" time="0.436"><failure message="AssertionError: {'plan_key': 'Presale', 'modules': ['settings', 'team'], 'workspaces': 1, 'seats': 1, ...}&#10;assert None == 10">tests/test_qa_kickstart_provisioning.py:72: in test_qa_account_tier_context
    assert tier["ai_credits_limit"] == 10, tier
E   AssertionError: {'plan_key': 'Presale', 'modules': ['settings', 'team'], 'workspaces': 1, 'seats': 1, ...}
E   assert None == 10</failure></testcase><testcase classname="tests.test_qa_kickstart_provisioning" name="test_qa_account_tier_context[qa-aiweek@zynthoro.io-QaWeek!Test-ai_social_week-24.99]" time="0.460"><failure message="AssertionError: {'plan_key': 'Presale', 'modules': ['settings', 'team'], 'workspaces': 1, 'seats': 1, ...}&#10;assert None == 10">tests/test_qa_kickstart_provisioning.py:72: in test_qa_account_tier_context
    assert tier["ai_credits_limit"] == 10, tier
E   AssertionError: {'plan_key': 'Presale', 'modules': ['settings', 'team'], 'workspaces': 1, 'seats': 1, ...}
E   assert None == 10</failure></testcase><testcase classname="tests.test_qa_kickstart_provisioning" name="test_qa_account_tier_context[qa-aimonth@zynthoro.io-QaMonth!Test-ai_social_month-59.99]" time="0.448"><failure message="AssertionError: {'plan_key': 'Presale', 'modules': ['settings', 'team'], 'workspaces': 1, 'seats': 1, ...}&#10;assert None == 10">tests/test_qa_kickstart_provisioning.py:72: in test_qa_account_tier_context
    assert tier["ai_credits_limit"] == 10, tier
E   AssertionError: {'plan_key': 'Presale', 'modules': ['settings', 'team'], 'workspaces': 1, 'seats': 1, ...}
E   assert None == 10</failure></testcase><testcase classname="tests.test_qa_kickstart_provisioning" name="test_qa_account_tier_checkout[qa-kickstart1@zynthoro.io-QaKick1!Test-kickstart_1-79.0]" time="0.764" /><testcase classname="tests.test_qa_kickstart_provisioning" name="test_qa_account_tier_checkout[qa-kickstart2@zynthoro.io-QaKick2!Test-kickstart_2-149.0]" time="0.691" /><testcase classname="tests.test_qa_kickstart_provisioning" name="test_qa_account_tier_checkout[qa-kickstart3@zynthoro.io-QaKick3!Test-kickstart_3-199.0]" time="0.781" /><testcase classname="tests.test_qa_kickstart_provisioning" name="test_qa_account_tier_checkout[qa-compleet@zynthoro.io-QaComp!Test-compleet-79.99]" time="0.838" /><testcase classname="tests.test_qa_kickstart_provisioning" name="test_qa_account_tier_checkout[qa-aiweek@zynthoro.io-QaWeek!Test-ai_social_week-24.99]" time="0.777" /><testcase classname="tests.test_qa_kickstart_provisioning" name="test_qa_account_tier_checkout[qa-aimonth@zynthoro.io-QaMonth!Test-ai_social_month-59.99]" time="0.723" /><testcase classname="tests.test_qa_kickstart_provisioning" name="test_consent_waiver_false_rejected" time="0.441" /><testcase classname="tests.test_qa_kickstart_provisioning" name="test_founder_demo_regression[regie@myrootzz.com-Zynthoro2026!]" time="0.332" /><testcase classname="tests.test_qa_kickstart_provisioning" name="test_founder_demo_regression[jury@zynthoro.ai-ZynthoroDemo2026!]" time="0.347" /><testcase classname="tests.test_qa_kickstart_provisioning" name="test_non_flagged_user_requires_2fa_setup" time="0.586" /><testcase classname="tests.test_tier_provisioning_helper" name="test_provision_tier_purchase_helper[kickstart_1]" time="0.332" /><testcase classname="tests.test_tier_provisioning_helper" name="test_provision_tier_purchase_helper[kickstart_2]" time="0.339" /><testcase classname="tests.test_tier_provisioning_helper" name="test_provision_tier_purchase_helper[kickstart_3]" time="0.371" /><testcase classname="tests.test_tier_provisioning_helper" name="test_provision_tier_purchase_helper[compleet]" time="0.354" /><testcase classname="tests.test_tier_provisioning_helper" name="test_provision_tier_purchase_helper[ai_social_week]" time="0.383" /><testcase classname="tests.test_tier_provisioning_helper" name="test_provision_tier_purchase_helper[ai_social_month]" time="0.351" /><testcase classname="tests.test_tier_provisioning_helper" name="test_provision_tier_purchase_idempotent" time="0.357" /><testcase classname="tests.test_tier_provisioning_helper" name="test_status_endpoint_404_for_unknown_session" time="0.483" /><testcase classname="tests.test_tier_provisioning_helper" name="test_status_endpoint_returns_initiated_for_fresh_session" time="1.053" /><testcase classname="tests.test_tier_provisioning_helper" name="test_consent_waiver_false_still_rejected" time="0.447" /><testcase classname="tests.test_tier_provisioning_helper" name="test_qa_bypass_login_still_ok" time="1.981" /><testcase classname="tests.test_tier_provisioning_helper" name="test_invalid_price_id_raises_stripe_invalid_request" time="0.253" /><testcase classname="tests.test_tier_provisioning_helper" name="test_unknown_tier_key_returns_422_or_400" time="0.427" /><testcase classname="tests.test_tier_provisioning_helper" name="test_timeout_branch_returns_504" time="0.000" /><testcase classname="tests.test_stripe_catalog_startup" name="test_catalog_health_endpoint_public_ok" time="0.409" /><testcase classname="tests.test_stripe_catalog_startup" name="test_catalog_health_reports_boot_ok_in_dev" time="0.101" /><testcase classname="tests.test_stripe_catalog_startup" name="test_validate_catalog_all_good" time="0.837" /><testcase classname="tests.test_stripe_catalog_startup" name="test_validate_catalog_detects_missing_price" time="0.801" /><testcase classname="tests.test_stripe_catalog_startup" name="test_validate_catalog_detects_amount_mismatch" time="0.777" /><testcase classname="tests.test_stripe_catalog_startup" name="test_checkout_returns_503_when_catalog_marked_failed" time="0.000"><skipped type="pytest.skip" message="Cannot mutate running backend's _CATALOG_HEALTH from an external test process.">/app/backend/tests/test_stripe_catalog_startup.py:93: Cannot mutate running backend's _CATALOG_HEALTH from an external test process.</skipped></testcase></testsuite></testsuites>