<?xml version="1.0" encoding="utf-8"?><testsuites name="pytest tests"><testsuite name="pytest" errors="0" failures="0" skipped="1" tests="117" time="142.512" timestamp="2026-06-25T09:41:07.378508+00:00" hostname="agent-env-94da76c9-54af-41b6-afd3-dee03e09b776"><testcase classname="tests.test_jury_demo.TestJuryLogin" name="test_login_returns_stage_ok_no_2fa" time="0.344" /><testcase classname="tests.test_jury_demo.TestJuryLogin" name="test_login_wrong_password_401" time="0.321" /><testcase classname="tests.test_jury_demo.TestJuryLogin" name="test_auth_me_returns_is_demo_true" time="0.044" /><testcase classname="tests.test_jury_demo.TestIsDemoCannotBeInjected" name="test_signup_payload_with_is_demo_is_ignored" time="0.444" /><testcase classname="tests.test_jury_demo.TestIsDemoCannotBeInjected" name="test_fresh_user_me_is_not_demo" time="0.510" /><testcase classname="tests.test_jury_demo.TestDemoEndpointsJury" name="test_demo_projects_returns_5_sorted_by_due" time="0.044" /><testcase classname="tests.test_jury_demo.TestDemoEndpointsJury" name="test_demo_invoices_totals" time="0.049" /><testcase classname="tests.test_jury_demo.TestDemoEndpointIsolation" name="test_fresh_user_sees_empty_projects" time="0.065" /><testcase classname="tests.test_jury_demo.TestJuryTeam" name="test_team_members_returns_owner_plus_5" time="0.046" /><testcase classname="tests.test_jury_demo.TestSeedIdempotent" name="test_counts_match_expected" time="0.007" /><testcase classname="tests.test_marketing_caption" name="test_caption_happy_path_each_platform[instagram]" time="4.530" /><testcase classname="tests.test_marketing_caption" name="test_caption_happy_path_each_platform[facebook]" time="4.340" /><testcase classname="tests.test_marketing_caption" name="test_caption_happy_path_each_platform[linkedin]" time="4.656" /><testcase classname="tests.test_marketing_caption" name="test_caption_happy_path_each_platform[tiktok]" time="3.152" /><testcase classname="tests.test_marketing_caption" name="test_caption_happy_path_each_platform[x]" time="4.161" /><testcase classname="tests.test_marketing_caption" name="test_caption_happy_path_each_platform[youtube]" time="4.410" /><testcase classname="tests.test_marketing_caption" name="test_caption_empty_idea_returns_422" time="0.044" /><testcase classname="tests.test_marketing_caption" name="test_caption_short_idea_returns_422" time="0.043" /><testcase classname="tests.test_marketing_caption" name="test_caption_invalid_platform_returns_422" time="0.046" /><testcase classname="tests.test_marketing_caption" name="test_caption_unauthenticated_returns_401" time="0.189" /><testcase classname="tests.test_marketing_caption" name="test_caption_persists_ai_log" time="3.751" /><testcase classname="tests.test_phase2_auth_dashboard_ai.TestSignupVerify" name="test_signup_creates_user" time="0.496" /><testcase classname="tests.test_phase2_auth_dashboard_ai.TestSignupVerify" name="test_signup_duplicate_returns_409" time="0.094" /><testcase classname="tests.test_phase2_auth_dashboard_ai.TestSignupVerify" name="test_verify_email" time="0.098" /><testcase classname="tests.test_phase2_auth_dashboard_ai.TestLoginTwoFA" name="test_login_returns_2fa_setup_required" time="0.320" /><testcase classname="tests.test_phase2_auth_dashboard_ai.TestLoginTwoFA" name="test_totp_setup_returns_qr" time="0.115" /><testcase classname="tests.test_phase2_auth_dashboard_ai.TestLoginTwoFA" name="test_totp_confirm_sets_access_cookie" time="0.166" /><testcase classname="tests.test_phase2_auth_dashboard_ai.TestLoginTwoFA" name="test_me_returns_user" time="0.042" /><testcase classname="tests.test_phase2_auth_dashboard_ai.TestLoginTwoFA" name="test_login_again_returns_2fa_required" time="0.318" /><testcase classname="tests.test_phase2_auth_dashboard_ai.TestLoginTwoFA" name="test_email_2fa_flow" time="0.426"><skipped type="pytest.skip" message="Resend is configured — dev_code not returned; email 2FA verified via real inbox.">/app/backend/tests/test_phase2_auth_dashboard_ai.py:152: Resend is configured — dev_code not returned; email 2FA verified via real inbox.</skipped></testcase><testcase classname="tests.test_phase2_auth_dashboard_ai.TestBruteForce" name="test_brute_force_lockout" time="2.153" /><testcase classname="tests.test_phase2_auth_dashboard_ai.TestFounder" name="test_founder_me" time="0.520" /><testcase classname="tests.test_phase2_auth_dashboard_ai.TestFounder" name="test_founder_stats" time="0.055" /><testcase classname="tests.test_phase2_auth_dashboard_ai.TestFounder" name="test_founder_flags_get_and_patch" time="0.099" /><testcase classname="tests.test_phase2_auth_dashboard_ai.TestFounder" name="test_founder_presale_signups" time="0.048" /><testcase classname="tests.test_phase2_auth_dashboard_ai.TestFounder" name="test_founder_endpoints_block_normal_user" time="0.126" /><testcase classname="tests.test_phase2_auth_dashboard_ai.TestOnboardingDashboard" name="test_onboarding_complete" time="0.100" /><testcase classname="tests.test_phase2_auth_dashboard_ai.TestOnboardingDashboard" name="test_dashboard_summary" time="0.045" /><testcase classname="tests.test_phase2_auth_dashboard_ai.TestOnboardingDashboard" name="test_team_list_owner_first" time="0.084" /><testcase classname="tests.test_phase2_auth_dashboard_ai.TestOnboardingDashboard" name="test_team_invite_and_duplicate" time="0.241" /><testcase classname="tests.test_phase2_auth_dashboard_ai.TestAIChat" name="test_ai_chat[zynthoro_assist]" time="2.466" /><testcase classname="tests.test_phase2_auth_dashboard_ai.TestAIChat" name="test_ai_chat[zyntha]" time="0.676" /><testcase classname="tests.test_phase2_auth_dashboard_ai.TestAIChat" name="test_ai_chat[thoro]" time="0.546" /><testcase classname="tests.test_phase2_auth_dashboard_ai.TestAIChat" name="test_ai_chat[zyona]" time="1.091" /><testcase classname="tests.test_phase2_auth_dashboard_ai.TestAIChat" name="test_ai_history" time="0.042" /><testcase classname="tests.test_phase2_auth_dashboard_ai.TestCheckout" name="test_checkout_status_live" time="0.122" /><testcase classname="tests.test_presale.TestRoot" name="test_root_returns_zynthoro_api" time="0.097" /><testcase classname="tests.test_presale.TestPresaleSignup" name="test_signup_valid" time="0.108" /><testcase classname="tests.test_presale.TestPresaleSignup" name="test_duplicate_email_returns_409" time="0.144" /><testcase classname="tests.test_presale.TestPresaleSignup" name="test_duplicate_email_case_insensitive" time="0.203" /><testcase classname="tests.test_presale.TestPresaleSignup" name="test_invalid_email_returns_422" time="0.092" /><testcase classname="tests.test_presale.TestPresaleSignup" name="test_missing_name_returns_422" time="0.095" /><testcase classname="tests.test_presale.TestPresaleCount" name="test_count_increments" time="0.188" /><testcase classname="tests.test_streaming_legal.TestSSEStreaming" name="test_stream_shape[zynthoro_assist]" time="5.042" /><testcase classname="tests.test_streaming_legal.TestSSEStreaming" name="test_stream_shape[zyntha]" time="3.535" /><testcase classname="tests.test_streaming_legal.TestSSEStreaming" name="test_stream_shape[thoro]" time="3.987" /><testcase classname="tests.test_streaming_legal.TestSSEStreaming" name="test_stream_shape[zyona]" time="3.554" /><testcase classname="tests.test_streaming_legal.TestSSEStreaming" name="test_stream_long_form_not_truncated" time="44.139" /><testcase classname="tests.test_streaming_legal.TestSSEStreaming" name="test_stream_persists_history" time="2.220" /><testcase classname="tests.test_streaming_legal.TestPromptFixes" name="test_thoro_recommends_zynthoro_not_shopify" time="13.341" /><testcase classname="tests.test_streaming_legal.TestPromptFixes" name="test_zyona_only_real_assistants" time="8.438" /><testcase classname="tests.test_streaming_legal.TestRegressionChat" name="test_chat_endpoint_still_works" time="1.326" /><testcase classname="tests.test_stripe_metrics.TestComputeStripeMrr" name="test_monthly_creator_subscription" time="0.015" /><testcase classname="tests.test_stripe_metrics.TestComputeStripeMrr" name="test_yearly_business_subscription_divides_by_12" time="0.001" /><testcase classname="tests.test_stripe_metrics.TestComputeStripeMrr" name="test_business_plus_extra_seats" time="0.000" /><testcase classname="tests.test_stripe_metrics.TestComputeStripeMrr" name="test_weekly_interval_multiplies_by_52_over_12" time="0.000" /><testcase classname="tests.test_stripe_metrics.TestComputeStripeMrr" name="test_plan_breakdown_ordering" time="0.000" /><testcase classname="tests.test_stripe_metrics.TestStripeMetricsEndpoint" name="test_anonymous_returns_401" time="0.150" /><testcase classname="tests.test_stripe_metrics.TestStripeMetricsEndpoint" name="test_non_founder_returns_403" time="0.959" /><testcase classname="tests.test_stripe_metrics.TestStripeMetricsEndpoint" name="test_founder_returns_200_with_shape" time="2.776" /><testcase classname="tests.test_stripe_subscription_checkout.TestSubscriptionSessionHappy" name="test_each_plan_returns_stripe_url[Starter]" time="0.879" /><testcase classname="tests.test_stripe_subscription_checkout.TestSubscriptionSessionHappy" name="test_each_plan_returns_stripe_url[Creator]" time="0.424" /><testcase classname="tests.test_stripe_subscription_checkout.TestSubscriptionSessionHappy" name="test_each_plan_returns_stripe_url[Business]" time="0.483" /><testcase classname="tests.test_stripe_subscription_checkout.TestSubscriptionSessionHappy" name="test_each_plan_returns_stripe_url[Agency]" time="0.458" /><testcase classname="tests.test_stripe_subscription_checkout.TestSubscriptionSessionHappy" name="test_each_plan_returns_stripe_url[Enterprise Basic]" time="0.389" /><testcase classname="tests.test_stripe_subscription_checkout.TestSubscriptionSessionHappy" name="test_each_plan_returns_stripe_url[Enterprise Plus]" time="0.520" /><testcase classname="tests.test_stripe_subscription_checkout.TestSubscriptionSessionHappy" name="test_each_plan_returns_stripe_url[Enterprise Advanced]" time="0.411" /><testcase classname="tests.test_stripe_subscription_checkout.TestSubscriptionSessionValidation" name="test_invalid_plan_key_returns_422" time="0.043" /><testcase classname="tests.test_stripe_subscription_checkout.TestSubscriptionSessionValidation" name="test_missing_auth_returns_401" time="0.123" /><testcase classname="tests.test_stripe_subscription_checkout.TestSubscriptionSessionValidation" name="test_billing_exempt_returns_400" time="0.042" /><testcase classname="tests.test_stripe_subscription_checkout.TestSeatsSessionHappy" name="test_business_plan_returns_499" time="0.436" /><testcase classname="tests.test_stripe_subscription_checkout.TestSeatsSessionHappy" name="test_agency_plan_returns_399" time="0.385" /><testcase classname="tests.test_stripe_subscription_checkout.TestSeatsSessionValidation" name="test_enterprise_plan_returns_400_unlimited" time="0.043" /><testcase classname="tests.test_stripe_subscription_checkout.TestSeatsSessionValidation" name="test_starter_creator_returns_400_not_available[Starter]" time="0.044" /><testcase classname="tests.test_stripe_subscription_checkout.TestSeatsSessionValidation" name="test_starter_creator_returns_400_not_available[Creator]" time="0.045" /><testcase classname="tests.test_stripe_subscription_checkout.TestSeatsSessionValidation" name="test_quantity_zero_returns_422" time="0.044" /><testcase classname="tests.test_stripe_subscription_checkout.TestSeatsSessionValidation" name="test_quantity_101_returns_422" time="0.082" /><testcase classname="tests.test_stripe_subscription_checkout.TestSeatsSessionValidation" name="test_missing_auth_returns_401" time="0.092" /><testcase classname="tests.test_stripe_subscription_checkout.TestSeatsSessionValidation" name="test_billing_exempt_returns_400" time="0.040" /><testcase classname="tests.test_stripe_subscription_checkout.TestWebhookSmoke" name="test_no_signature_returns_400" time="0.098" /><testcase classname="tests.test_stripe_subscription_checkout.TestWebhookSmoke" name="test_invalid_signature_returns_400" time="0.092" /><testcase classname="tests.test_stripe_webhook_alerts.TestEmailServiceHelpers" name="test_constants_present" time="0.000" /><testcase classname="tests.test_stripe_webhook_alerts.TestEmailServiceHelpers" name="test_emoji_mapping_complete" time="0.000" /><testcase classname="tests.test_stripe_webhook_alerts.TestEmailServiceHelpers" name="test_send_stripe_alert_is_async" time="0.000" /><testcase classname="tests.test_stripe_webhook_alerts.TestEmailServiceHelpers" name="test_send_stripe_alert_does_not_raise_on_resend_failure" time="0.002" /><testcase classname="tests.test_stripe_webhook_alerts.TestEmailServiceHelpers" name="test_send_stripe_alert_unknown_kind_uses_other" time="0.125" /><testcase classname="tests.test_stripe_webhook_alerts.TestPlanRank" name="test_presale_zero" time="0.000" /><testcase classname="tests.test_stripe_webhook_alerts.TestPlanRank" name="test_starter_one" time="0.000" /><testcase classname="tests.test_stripe_webhook_alerts.TestPlanRank" name="test_creator_two" time="0.000" /><testcase classname="tests.test_stripe_webhook_alerts.TestPlanRank" name="test_enterprise_advanced_seven" time="0.000" /><testcase classname="tests.test_stripe_webhook_alerts.TestPlanRank" name="test_unknown_plan_one" time="0.000" /><testcase classname="tests.test_stripe_webhook_alerts.TestPlanRank" name="test_none_zero" time="0.000" /><testcase classname="tests.test_stripe_webhook_alerts.TestPlanRank" name="test_upgrade_logic" time="0.000" /><testcase classname="tests.test_stripe_webhook_alerts.TestWebhookAlertWiring" name="test_subscribe_kind_when_prev_is_presale" time="0.057" /><testcase classname="tests.test_stripe_webhook_alerts.TestWebhookAlertWiring" name="test_upgrade_kind_creator_to_business" time="0.054" /><testcase classname="tests.test_stripe_webhook_alerts.TestWebhookAlertWiring" name="test_downgrade_kind_business_to_starter" time="0.054" /><testcase classname="tests.test_stripe_webhook_alerts.TestWebhookAlertWiring" name="test_seats_kind" time="0.053" /><testcase classname="tests.test_stripe_webhook_alerts.TestWebhookAlertWiring" name="test_cancel_kind" time="0.053" /><testcase classname="tests.test_stripe_webhook_alerts.TestWebhookAlertWiring" name="test_payment_failed_kind_with_amount" time="0.051" /><testcase classname="tests.test_stripe_webhook_alerts.TestWebhookAlertWiring" name="test_trial_end_kind" time="0.053" /><testcase classname="tests.test_stripe_webhook_alerts.TestWebhookAlertWiring" name="test_other_kind_for_updated" time="0.051" /><testcase classname="tests.test_stripe_webhook_alerts.TestWebhookAlertWiring" name="test_webhook_still_2xx_when_alert_raises" time="0.054" /><testcase classname="tests.test_stripe_webhook_alerts.TestWebhookEndpointReachable" name="test_live_webhook_rejects_bad_signature" time="0.088" /><testcase classname="tests.test_team_level.TestTeamLevelHierarchy" name="test_founder_team_list_reports_plan_and_max" time="0.462" /><testcase classname="tests.test_team_level.TestTeamLevelHierarchy" name="test_founder_can_invite_level_10" time="0.598" /><testcase classname="tests.test_team_level.TestTeamLevelHierarchy" name="test_starter_cannot_invite_above_level_3" time="1.087" /><testcase classname="tests.test_team_level.TestTeamLevelHierarchy" name="test_invite_level_out_of_range_rejected_by_pydantic" time="0.502" /></testsuite></testsuites>