<?xml version="1.0" encoding="utf-8"?><testsuites name="pytest tests"><testsuite name="pytest" errors="0" failures="0" skipped="0" tests="4" time="2.810" timestamp="2026-06-25T05:28:17.256142+00:00" hostname="agent-env-94da76c9-54af-41b6-afd3-dee03e09b776"><testcase classname="test_team_level.TestTeamLevelHierarchy" name="test_founder_team_list_reports_plan_and_max" time="0.495" /><testcase classname="test_team_level.TestTeamLevelHierarchy" name="test_founder_can_invite_level_10" time="0.604" /><testcase classname="test_team_level.TestTeamLevelHierarchy" name="test_starter_cannot_invite_above_level_3" time="1.119" /><testcase classname="test_team_level.TestTeamLevelHierarchy" name="test_invite_level_out_of_range_rejected_by_pydantic" time="0.465" /></testsuite></testsuites>