<?xml version="1.0" encoding="utf-8"?><testsuites name="pytest tests"><testsuite name="pytest" errors="0" failures="0" skipped="1" tests="42" time="23.417" timestamp="2026-07-20T18:15:25.847277+00:00" hostname="agent-env-94da76c9-54af-41b6-afd3-dee03e09b776"><testcase classname="backend.tests.test_stripe_catalog_startup" name="test_catalog_health_endpoint_public_ok" time="0.122" /><testcase classname="backend.tests.test_stripe_catalog_startup" name="test_catalog_health_reports_boot_ok_in_dev" time="0.145" /><testcase classname="backend.tests.test_stripe_catalog_startup" name="test_validate_catalog_all_good" time="1.302" /><testcase classname="backend.tests.test_stripe_catalog_startup" name="test_validate_catalog_detects_missing_price" time="0.825" /><testcase classname="backend.tests.test_stripe_catalog_startup" name="test_validate_catalog_detects_amount_mismatch" time="0.769" /><testcase classname="backend.tests.test_stripe_catalog_startup" name="test_checkout_returns_503_when_catalog_marked_failed" time="0.000"><skipped type="pytest.skip" message="Cannot mutate running backend's _CATALOG_HEALTH from an external test process.">/app/backend/tests/test_stripe_catalog_startup.py:93: Cannot mutate running backend's _CATALOG_HEALTH from an external test process.</skipped></testcase><testcase classname="backend.tests.test_tier_provisioning_helper" name="test_provision_tier_purchase_helper[kickstart_1]" time="0.343" /><testcase classname="backend.tests.test_tier_provisioning_helper" name="test_provision_tier_purchase_helper[kickstart_2]" time="0.369" /><testcase classname="backend.tests.test_tier_provisioning_helper" name="test_provision_tier_purchase_helper[kickstart_3]" time="0.364" /><testcase classname="backend.tests.test_tier_provisioning_helper" name="test_provision_tier_purchase_helper[compleet]" time="0.354" /><testcase classname="backend.tests.test_tier_provisioning_helper" name="test_provision_tier_purchase_helper[ai_social_week]" time="0.395" /><testcase classname="backend.tests.test_tier_provisioning_helper" name="test_provision_tier_purchase_helper[ai_social_month]" time="0.374" /><testcase classname="backend.tests.test_tier_provisioning_helper" name="test_provision_tier_purchase_idempotent" time="0.343" /><testcase classname="backend.tests.test_tier_provisioning_helper" name="test_status_endpoint_404_for_unknown_session" time="0.469" /><testcase classname="backend.tests.test_tier_provisioning_helper" name="test_status_endpoint_returns_initiated_for_fresh_session" time="1.063" /><testcase classname="backend.tests.test_tier_provisioning_helper" name="test_consent_waiver_false_still_rejected" time="0.437" /><testcase classname="backend.tests.test_tier_provisioning_helper" name="test_qa_bypass_login_still_ok" time="2.012" /><testcase classname="backend.tests.test_tier_provisioning_helper" name="test_invalid_price_id_raises_stripe_invalid_request" time="0.208" /><testcase classname="backend.tests.test_tier_provisioning_helper" name="test_unknown_tier_key_returns_422_or_400" time="0.437" /><testcase classname="backend.tests.test_tier_provisioning_helper" name="test_timeout_branch_returns_504" time="0.000" /><testcase classname="backend.tests.test_qa_kickstart_provisioning" name="test_qa_account_direct_login[qa-kickstart1@zynthoro.io-QaKick1!Test-kickstart_1-79.0]" time="0.354" /><testcase classname="backend.tests.test_qa_kickstart_provisioning" name="test_qa_account_direct_login[qa-kickstart2@zynthoro.io-QaKick2!Test-kickstart_2-149.0]" time="0.379" /><testcase classname="backend.tests.test_qa_kickstart_provisioning" name="test_qa_account_direct_login[qa-kickstart3@zynthoro.io-QaKick3!Test-kickstart_3-199.0]" time="0.326" /><testcase classname="backend.tests.test_qa_kickstart_provisioning" name="test_qa_account_direct_login[qa-compleet@zynthoro.io-QaComp!Test-compleet-79.99]" time="0.362" /><testcase classname="backend.tests.test_qa_kickstart_provisioning" name="test_qa_account_direct_login[qa-aiweek@zynthoro.io-QaWeek!Test-ai_social_week-24.99]" time="0.347" /><testcase classname="backend.tests.test_qa_kickstart_provisioning" name="test_qa_account_direct_login[qa-aimonth@zynthoro.io-QaMonth!Test-ai_social_month-59.99]" time="0.323" /><testcase classname="backend.tests.test_qa_kickstart_provisioning" name="test_qa_account_tier_context[qa-kickstart1@zynthoro.io-QaKick1!Test-kickstart_1-79.0]" time="0.480" /><testcase classname="backend.tests.test_qa_kickstart_provisioning" name="test_qa_account_tier_context[qa-kickstart2@zynthoro.io-QaKick2!Test-kickstart_2-149.0]" time="0.461" /><testcase classname="backend.tests.test_qa_kickstart_provisioning" name="test_qa_account_tier_context[qa-kickstart3@zynthoro.io-QaKick3!Test-kickstart_3-199.0]" time="0.483" /><testcase classname="backend.tests.test_qa_kickstart_provisioning" name="test_qa_account_tier_context[qa-compleet@zynthoro.io-QaComp!Test-compleet-79.99]" time="0.451" /><testcase classname="backend.tests.test_qa_kickstart_provisioning" name="test_qa_account_tier_context[qa-aiweek@zynthoro.io-QaWeek!Test-ai_social_week-24.99]" time="0.438" /><testcase classname="backend.tests.test_qa_kickstart_provisioning" name="test_qa_account_tier_context[qa-aimonth@zynthoro.io-QaMonth!Test-ai_social_month-59.99]" time="0.456" /><testcase classname="backend.tests.test_qa_kickstart_provisioning" name="test_qa_account_tier_checkout[qa-kickstart1@zynthoro.io-QaKick1!Test-kickstart_1-79.0]" time="0.797" /><testcase classname="backend.tests.test_qa_kickstart_provisioning" name="test_qa_account_tier_checkout[qa-kickstart2@zynthoro.io-QaKick2!Test-kickstart_2-149.0]" time="0.860" /><testcase classname="backend.tests.test_qa_kickstart_provisioning" name="test_qa_account_tier_checkout[qa-kickstart3@zynthoro.io-QaKick3!Test-kickstart_3-199.0]" time="0.787" /><testcase classname="backend.tests.test_qa_kickstart_provisioning" name="test_qa_account_tier_checkout[qa-compleet@zynthoro.io-QaComp!Test-compleet-79.99]" time="0.776" /><testcase classname="backend.tests.test_qa_kickstart_provisioning" name="test_qa_account_tier_checkout[qa-aiweek@zynthoro.io-QaWeek!Test-ai_social_week-24.99]" time="0.819" /><testcase classname="backend.tests.test_qa_kickstart_provisioning" name="test_qa_account_tier_checkout[qa-aimonth@zynthoro.io-QaMonth!Test-ai_social_month-59.99]" time="0.704" /><testcase classname="backend.tests.test_qa_kickstart_provisioning" name="test_consent_waiver_false_rejected" time="0.452" /><testcase classname="backend.tests.test_qa_kickstart_provisioning" name="test_founder_demo_regression[regie@myrootzz.com-Zynthoro2026!]" time="0.336" /><testcase classname="backend.tests.test_qa_kickstart_provisioning" name="test_founder_demo_regression[jury@zynthoro.ai-ZynthoroDemo2026!]" time="0.332" /><testcase classname="backend.tests.test_qa_kickstart_provisioning" name="test_non_flagged_user_requires_2fa_setup" time="0.654" /></testsuite></testsuites>