<?xml version="1.0" encoding="utf-8"?><testsuites name="pytest tests"><testsuite name="pytest" errors="0" failures="0" skipped="0" tests="5" time="49.874" timestamp="2026-07-20T18:14:30.060495+00:00" hostname="agent-env-94da76c9-54af-41b6-afd3-dee03e09b776"><testcase classname="backend.tests.test_assistant_behavior_iter30.TestZynthaContentDelivery" name="test_zyntha_delivers_linkedin_hook" time="4.796" /><testcase classname="backend.tests.test_assistant_behavior_iter30.TestThoroWebshopWorkflow" name="test_thoro_recommends_zynthoro_modules" time="18.015" /><testcase classname="backend.tests.test_assistant_behavior_iter30.TestZyonaPricingVerdict" name="test_zyona_gives_verdict" time="23.900" /><testcase classname="backend.tests.test_assistant_behavior_iter30.TestZynthoroAssistDirect" name="test_assist_direct_answer" time="2.954" /><testcase classname="backend.tests.test_assistant_behavior_iter30.TestTierCatalogRegression" name="test_catalog_returns_six_plans" time="0.142" /></testsuite></testsuites>