<?xml version="1.0" encoding="utf-8"?><testsuites name="pytest tests"><testsuite name="pytest" errors="0" failures="0" skipped="1" tests="18" time="3.144" timestamp="2026-06-26T08:06:53.341995+00:00" hostname="agent-env-94da76c9-54af-41b6-afd3-dee03e09b776"><testcase classname="backend.tests.test_operations.TestRecipes" name="test_seed_has_three_recipes" time="0.523" /><testcase classname="backend.tests.test_operations.TestRecipes" name="test_create_recipe_auto_cost" time="0.092" /><testcase classname="backend.tests.test_operations.TestRecipes" name="test_patch_bumps_version" time="0.134" /><testcase classname="backend.tests.test_operations.TestRecipes" name="test_delete_recipe" time="0.137" /><testcase classname="backend.tests.test_operations.TestProductionOrders" name="test_seed_has_three" time="0.054" /><testcase classname="backend.tests.test_operations.TestProductionOrders" name="test_status_filter" time="0.058" /><testcase classname="backend.tests.test_operations.TestProductionOrders" name="test_create_with_recipe_link" time="0.202" /><testcase classname="backend.tests.test_operations.TestWorkOrders" name="test_create_and_filter" time="0.153" /><testcase classname="backend.tests.test_operations.TestBOMs" name="test_create_with_multilevel" time="0.149" /><testcase classname="backend.tests.test_operations.TestQuality" name="test_seed_has_two" time="0.047" /><testcase classname="backend.tests.test_operations.TestQuality" name="test_create_derived_overall" time="0.094" /><testcase classname="backend.tests.test_operations.TestLots" name="test_seed_has_three" time="0.045" /><testcase classname="backend.tests.test_operations.TestLots" name="test_create_lot_and_trace" time="0.141" /><testcase classname="backend.tests.test_operations.TestLots" name="test_recall_lot" time="0.143" /><testcase classname="backend.tests.test_operations.TestCostSummary" name="test_summary_fields" time="0.051" /><testcase classname="backend.tests.test_operations.TestPlanGating" name="test_unauth_returns_401" time="0.100" /><testcase classname="backend.tests.test_operations.TestPlanGating" name="test_demo_bypasses_all_tiers" time="0.143" /><testcase classname="backend.tests.test_operations.TestPlanGating" name="test_starter_gets_402_for_higher_tiers" time="0.775"><skipped type="pytest.skip" message="Login failed for starter: {&quot;detail&quot;:&quot;Please verify your email before logging in.&quot;}">/app/backend/tests/test_operations.py:383: Login failed for starter: {"detail":"Please verify your email before logging in."}</skipped></testcase></testsuite></testsuites>