<?xml version="1.0" encoding="utf-8"?><testsuites name="pytest tests"><testsuite name="pytest" errors="0" failures="0" skipped="1" tests="9" time="1.000" timestamp="2026-06-26T08:38:43.342266+00:00" hostname="agent-env-94da76c9-54af-41b6-afd3-dee03e09b776"><testcase classname="backend.tests.test_voice_tryout.TestVoiceTryoutPost" name="test_anonymous_no_email" time="0.211" /><testcase classname="backend.tests.test_voice_tryout.TestVoiceTryoutPost" name="test_with_real_email" time="0.049" /><testcase classname="backend.tests.test_voice_tryout.TestVoiceTryoutPost" name="test_with_test_email_flagged" time="0.042" /><testcase classname="backend.tests.test_voice_tryout.TestVoiceTryoutPost" name="test_long_transcript_capped" time="0.050" /><testcase classname="backend.tests.test_voice_tryout.TestVoiceTryoutPost" name="test_transcript_exactly_4000" time="0.048" /><testcase classname="backend.tests.test_voice_tryout.TestVoiceTryoutPost" name="test_empty_body" time="0.040" /><testcase classname="backend.tests.test_voice_tryout.TestVoiceTryoutPost" name="test_invalid_email_stored_gracefully" time="0.040" /><testcase classname="backend.tests.test_voice_tryout.TestVoiceTryoutFounderEndpoint" name="test_unauthenticated_blocked" time="0.130" /><testcase classname="backend.tests.test_voice_tryout.TestVoiceTryoutFounderEndpoint" name="test_jury_demo_blocked" time="0.323"><skipped type="pytest.skip" message="Jury login still in stage ok — cannot finish flow without 2FA">/app/backend/tests/test_voice_tryout.py:111: Jury login still in stage ok — cannot finish flow without 2FA</skipped></testcase></testsuite></testsuites>