<?xml version="1.0" encoding="utf-8"?><testsuites name="pytest tests"><testsuite name="pytest" errors="0" failures="1" skipped="0" tests="10" time="2.408" timestamp="2026-06-26T08:52:21.392993+00:00" hostname="agent-env-94da76c9-54af-41b6-afd3-dee03e09b776"><testcase classname="backend.tests.test_daily_digest.TestAuthGuard" name="test_preview_unauthenticated_rejected" time="0.225" /><testcase classname="backend.tests.test_daily_digest.TestAuthGuard" name="test_send_unauthenticated_rejected" time="0.105" /><testcase classname="backend.tests.test_daily_digest.TestAuthGuard" name="test_preview_jury_forbidden" time="0.449" /><testcase classname="backend.tests.test_daily_digest.TestAuthGuard" name="test_send_jury_forbidden" time="0.095" /><testcase classname="backend.tests.test_daily_digest.TestDigestPreview" name="test_preview_returns_html_and_counts" time="0.517" /><testcase classname="backend.tests.test_daily_digest.TestDigestPreview" name="test_preview_excludes_test_rows" time="0.101" /><testcase classname="backend.tests.test_daily_digest.TestDigestSend" name="test_send_force_true_dispatches" time="0.275" /><testcase classname="backend.tests.test_daily_digest.TestDigestSend" name="test_send_default_force_false_dedupes" time="0.236"><failure message="AssertionError: assert True is False&#10; +  where True = &lt;built-in method get of dict object at 0xfe1a17cdf600&gt;('sent')&#10; +    where &lt;built-in method get of dict object at 0xfe1a17cdf600&gt; = {'sent': True, 'to': 'info@zynthoro.ai', 'msg_id': None, 'presale_count': 0, ...}.get">backend/tests/test_daily_digest.py:267: in test_send_default_force_false_dedupes
    assert body.get("sent") is False
E   AssertionError: assert True is False
E    +  where True = &lt;built-in method get of dict object at 0xfe1a17cdf600&gt;('sent')
E    +    where &lt;built-in method get of dict object at 0xfe1a17cdf600&gt; = {'sent': True, 'to': 'info@zynthoro.ai', 'msg_id': None, 'presale_count': 0, ...}.get</failure></testcase><testcase classname="backend.tests.test_daily_digest.TestDigestSend" name="test_send_force_true_bypasses_dedupe" time="0.230" /><testcase classname="backend.tests.test_daily_digest.TestScheduler" name="test_scheduler_startup_log_present" time="0.001" /></testsuite></testsuites>