<?xml version="1.0" encoding="utf-8"?><testsuites name="pytest tests"><testsuite name="pytest" errors="0" failures="4" skipped="1" tests="56" time="133.023" timestamp="2026-06-25T05:58:07.387549+00:00" hostname="agent-env-94da76c9-54af-41b6-afd3-dee03e09b776"><testcase classname="backend.tests.test_marketing_caption" name="test_caption_happy_path_each_platform[instagram]" time="3.913"><failure message="AssertionError: caption is raw JSON: {&quot;caption&quot;: &quot;Big news! ✨ Our new sustainable coffee blend just dropped. \n\nCraf&#10;assert not True&#10; +  where True = &lt;built-in method startswith of str object at 0xfb9513180430&gt;('{&quot;caption&quot;')&#10; +    where &lt;built-in method startswith of str object at 0xfb9513180430&gt; = '{&quot;caption&quot;: &quot;Big news! ✨ Our new sustainable coffee blend just dropped. \\n\\nCrafted'.startswith">E   AssertionError: caption is raw JSON: {"caption": "Big news! ✨ Our new sustainable coffee blend just dropped. \n\nCraf
    assert not True
     +  where True = &lt;built-in method startswith of str object at 0xfb9513180430&gt;('{"caption"')
     +    where &lt;built-in method startswith of str object at 0xfb9513180430&gt; = '{"caption": "Big news! ✨ Our new sustainable coffee blend just dropped. \\n\\nCrafted'.startswith</failure></testcase><testcase classname="backend.tests.test_marketing_caption" name="test_caption_happy_path_each_platform[facebook]" time="3.350"><failure message="AssertionError: caption is raw JSON: {&quot;caption&quot;: &quot;Well, hello there, coffee enthusiasts! ☕️ Thrilled to announce our &#10;assert not True&#10; +  where True = &lt;built-in method startswith of str object at 0xfb9511968ff0&gt;('{&quot;caption&quot;')&#10; +    where &lt;built-in method startswith of str object at 0xfb9511968ff0&gt; = '{&quot;caption&quot;: &quot;Well, hello there, coffee enthusiasts! ☕️ Thrilled to announce our brand-'.startswith">E   AssertionError: caption is raw JSON: {"caption": "Well, hello there, coffee enthusiasts! ☕️ Thrilled to announce our 
    assert not True
     +  where True = &lt;built-in method startswith of str object at 0xfb9511968ff0&gt;('{"caption"')
     +    where &lt;built-in method startswith of str object at 0xfb9511968ff0&gt; = '{"caption": "Well, hello there, coffee enthusiasts! ☕️ Thrilled to announce our brand-'.startswith</failure></testcase><testcase classname="backend.tests.test_marketing_caption" name="test_caption_happy_path_each_platform[linkedin]" time="3.715"><failure message="AssertionError: caption is raw JSON: {&quot;caption&quot;: &quot;Big news from Zynthoro! We're incredibly excited to announce the la&#10;assert not True&#10; +  where True = &lt;built-in method startswith of str object at 0xb23e34b14550&gt;('{&quot;caption&quot;')&#10; +    where &lt;built-in method startswith of str object at 0xb23e34b14550&gt; = '{&quot;caption&quot;: &quot;Big news from Zynthoro! We\'re incredibly excited to announce the launch of our brand-new sustainable coffee blend. ☕ This project has been a true labor of love, driven by our commitment to delicious coffee and a healthier planet.\\n\\nWe\'ve partnered with incredible growers dedicated to ethical sourcing and eco-friendly practices, ensuring every cup not only tastes exceptional but also supports a better future.\\n\\nReady to experience a brew that feels as good as it tastes? Learn more about its journey from bean to cup and grab your first bag on our website. Cheers to sustainable'.startswith">E   AssertionError: caption is raw JSON: {"caption": "Big news from Zynthoro! We're incredibly excited to announce the la
    assert not True
     +  where True = &lt;built-in method startswith of str object at 0xb23e34b14550&gt;('{"caption"')
     +    where &lt;built-in method startswith of str object at 0xb23e34b14550&gt; = '{"caption": "Big news from Zynthoro! We\'re incredibly excited to announce the launch of our brand-new sustainable coffee blend. ☕ This project has been a true labor of love, driven by our commitment to delicious coffee and a healthier planet.\\n\\nWe\'ve partnered with incredible growers dedicated to ethical sourcing and eco-friendly practices, ensuring every cup not only tastes exceptional but also supports a better future.\\n\\nReady to experience a brew that feels as good as it tastes? Learn more about its journey from bean to cup and grab your first bag on our website. Cheers to sustainable'.startswith</failure></testcase><testcase classname="backend.tests.test_marketing_caption" name="test_caption_happy_path_each_platform[tiktok]" time="2.759" /><testcase classname="backend.tests.test_marketing_caption" name="test_caption_happy_path_each_platform[x]" time="3.294" /><testcase classname="backend.tests.test_marketing_caption" name="test_caption_happy_path_each_platform[youtube]" time="3.409"><failure message="AssertionError: caption is raw JSON: {&quot;caption&quot;: &quot;Our newest coffee blend just dropped! ☕️ It's more than just incred&#10;assert not True&#10; +  where True = &lt;built-in method startswith of str object at 0xfb9511a969c0&gt;('{&quot;caption&quot;')&#10; +    where &lt;built-in method startswith of str object at 0xfb9511a969c0&gt; = '{&quot;caption&quot;: &quot;Our newest coffee blend just dropped! ☕️ It\'s more than just incredible flavor'.startswith">E   AssertionError: caption is raw JSON: {"caption": "Our newest coffee blend just dropped! ☕️ It's more than just incred
    assert not True
     +  where True = &lt;built-in method startswith of str object at 0xfb9511a969c0&gt;('{"caption"')
     +    where &lt;built-in method startswith of str object at 0xfb9511a969c0&gt; = '{"caption": "Our newest coffee blend just dropped! ☕️ It\'s more than just incredible flavor'.startswith</failure></testcase><testcase classname="backend.tests.test_marketing_caption" name="test_caption_empty_idea_returns_422" time="0.081" /><testcase classname="backend.tests.test_marketing_caption" name="test_caption_short_idea_returns_422" time="0.042" /><testcase classname="backend.tests.test_marketing_caption" name="test_caption_invalid_platform_returns_422" time="0.082" /><testcase classname="backend.tests.test_marketing_caption" name="test_caption_unauthenticated_returns_401" time="0.129" /><testcase classname="backend.tests.test_marketing_caption" name="test_caption_persists_ai_log" time="3.935" /><testcase classname="backend.tests.test_phase2_auth_dashboard_ai.TestSignupVerify" name="test_signup_creates_user" time="0.517" /><testcase classname="backend.tests.test_phase2_auth_dashboard_ai.TestSignupVerify" name="test_signup_duplicate_returns_409" time="0.095" /><testcase classname="backend.tests.test_phase2_auth_dashboard_ai.TestSignupVerify" name="test_verify_email" time="0.091" /><testcase classname="backend.tests.test_phase2_auth_dashboard_ai.TestLoginTwoFA" name="test_login_returns_2fa_setup_required" time="0.319" /><testcase classname="backend.tests.test_phase2_auth_dashboard_ai.TestLoginTwoFA" name="test_totp_setup_returns_qr" time="0.141" /><testcase classname="backend.tests.test_phase2_auth_dashboard_ai.TestLoginTwoFA" name="test_totp_confirm_sets_access_cookie" time="0.096" /><testcase classname="backend.tests.test_phase2_auth_dashboard_ai.TestLoginTwoFA" name="test_me_returns_user" time="0.043" /><testcase classname="backend.tests.test_phase2_auth_dashboard_ai.TestLoginTwoFA" name="test_login_again_returns_2fa_required" time="0.317" /><testcase classname="backend.tests.test_phase2_auth_dashboard_ai.TestLoginTwoFA" name="test_email_2fa_flow" time="0.424"><skipped type="pytest.skip" message="Resend is configured — dev_code not returned; email 2FA verified via real inbox.">/app/backend/tests/test_phase2_auth_dashboard_ai.py:152: Resend is configured — dev_code not returned; email 2FA verified via real inbox.</skipped></testcase><testcase classname="backend.tests.test_phase2_auth_dashboard_ai.TestBruteForce" name="test_brute_force_lockout" time="2.128" /><testcase classname="backend.tests.test_phase2_auth_dashboard_ai.TestFounder" name="test_founder_me" time="0.482" /><testcase classname="backend.tests.test_phase2_auth_dashboard_ai.TestFounder" name="test_founder_stats" time="0.050" /><testcase classname="backend.tests.test_phase2_auth_dashboard_ai.TestFounder" name="test_founder_flags_get_and_patch" time="0.095" /><testcase classname="backend.tests.test_phase2_auth_dashboard_ai.TestFounder" name="test_founder_presale_signups" time="0.048" /><testcase classname="backend.tests.test_phase2_auth_dashboard_ai.TestFounder" name="test_founder_endpoints_block_normal_user" time="0.122" /><testcase classname="backend.tests.test_phase2_auth_dashboard_ai.TestOnboardingDashboard" name="test_onboarding_complete" time="0.126" /><testcase classname="backend.tests.test_phase2_auth_dashboard_ai.TestOnboardingDashboard" name="test_dashboard_summary" time="0.049" /><testcase classname="backend.tests.test_phase2_auth_dashboard_ai.TestOnboardingDashboard" name="test_team_list_owner_first" time="0.042" /><testcase classname="backend.tests.test_phase2_auth_dashboard_ai.TestOnboardingDashboard" name="test_team_invite_and_duplicate" time="0.199" /><testcase classname="backend.tests.test_phase2_auth_dashboard_ai.TestAIChat" name="test_ai_chat[zynthoro_assist]" time="4.725" /><testcase classname="backend.tests.test_phase2_auth_dashboard_ai.TestAIChat" name="test_ai_chat[zyntha]" time="0.579" /><testcase classname="backend.tests.test_phase2_auth_dashboard_ai.TestAIChat" name="test_ai_chat[thoro]" time="0.696" /><testcase classname="backend.tests.test_phase2_auth_dashboard_ai.TestAIChat" name="test_ai_chat[zyona]" time="1.646" /><testcase classname="backend.tests.test_phase2_auth_dashboard_ai.TestAIChat" name="test_ai_history" time="0.041" /><testcase classname="backend.tests.test_phase2_auth_dashboard_ai.TestCheckout" name="test_checkout_status_live" time="0.135" /><testcase classname="backend.tests.test_presale.TestRoot" name="test_root_returns_zynthoro_api" time="0.091" /><testcase classname="backend.tests.test_presale.TestPresaleSignup" name="test_signup_valid" time="0.095" /><testcase classname="backend.tests.test_presale.TestPresaleSignup" name="test_duplicate_email_returns_409" time="0.152" /><testcase classname="backend.tests.test_presale.TestPresaleSignup" name="test_duplicate_email_case_insensitive" time="0.178" /><testcase classname="backend.tests.test_presale.TestPresaleSignup" name="test_invalid_email_returns_422" time="0.093" /><testcase classname="backend.tests.test_presale.TestPresaleSignup" name="test_missing_name_returns_422" time="0.095" /><testcase classname="backend.tests.test_presale.TestPresaleCount" name="test_count_increments" time="0.216" /><testcase classname="backend.tests.test_streaming_legal.TestSSEStreaming" name="test_stream_shape[zynthoro_assist]" time="4.655" /><testcase classname="backend.tests.test_streaming_legal.TestSSEStreaming" name="test_stream_shape[zyntha]" time="2.218" /><testcase classname="backend.tests.test_streaming_legal.TestSSEStreaming" name="test_stream_shape[thoro]" time="4.616" /><testcase classname="backend.tests.test_streaming_legal.TestSSEStreaming" name="test_stream_shape[zyona]" time="3.162" /><testcase classname="backend.tests.test_streaming_legal.TestSSEStreaming" name="test_stream_long_form_not_truncated" time="45.017" /><testcase classname="backend.tests.test_streaming_legal.TestSSEStreaming" name="test_stream_persists_history" time="2.366" /><testcase classname="backend.tests.test_streaming_legal.TestPromptFixes" name="test_thoro_recommends_zynthoro_not_shopify" time="17.147" /><testcase classname="backend.tests.test_streaming_legal.TestPromptFixes" name="test_zyona_only_real_assistants" time="10.624" /><testcase classname="backend.tests.test_streaming_legal.TestRegressionChat" name="test_chat_endpoint_still_works" time="1.001" /><testcase classname="backend.tests.test_team_level.TestTeamLevelHierarchy" name="test_founder_team_list_reports_plan_and_max" time="0.561" /><testcase classname="backend.tests.test_team_level.TestTeamLevelHierarchy" name="test_founder_can_invite_level_10" time="0.883" /><testcase classname="backend.tests.test_team_level.TestTeamLevelHierarchy" name="test_starter_cannot_invite_above_level_3" time="1.253" /><testcase classname="backend.tests.test_team_level.TestTeamLevelHierarchy" name="test_invite_level_out_of_range_rejected_by_pydantic" time="0.503" /></testsuite></testsuites>