<?xml version="1.0" encoding="utf-8"?><testsuites name="pytest tests"><testsuite name="pytest" errors="0" failures="0" skipped="0" tests="4" time="2.764" timestamp="2026-06-26T17:55:16.447495+00:00" hostname="agent-env-94da76c9-54af-41b6-afd3-dee03e09b776"><testcase classname="tests.test_pricing_catalog_migration.TestPricingCatalog" name="test_pricing_catalog_public_no_auth" time="0.154" /><testcase classname="tests.test_pricing_catalog_migration.TestBetaStatus" name="test_beta_status_shape" time="1.003" /><testcase classname="tests.test_pricing_catalog_migration.TestBetaCheckout" name="test_beta_checkout_returns_payment_link" time="0.985" /><testcase classname="tests.test_pricing_catalog_migration.TestAuthMeRegression" name="test_jury_login_and_me" time="0.546" /></testsuite></testsuites>