<?xml version="1.0" encoding="utf-8"?><testsuites name="pytest tests"><testsuite name="pytest" errors="0" failures="0" skipped="0" tests="19" time="2.104" timestamp="2026-06-28T06:31:46.680753+00:00" hostname="agent-env-94da76c9-54af-41b6-afd3-dee03e09b776"><testcase classname="backend.tests.test_beta_webhook.TestFeatureFlagsBetaWebhookField" name="test_get_feature_flags_includes_beta_webhook_url" time="0.522" /><testcase classname="backend.tests.test_beta_webhook.TestFeatureFlagsBetaWebhookField" name="test_patch_feature_flags_persists_beta_webhook_url" time="0.125" /><testcase classname="backend.tests.test_beta_webhook.TestBetaWebhookTestEndpoint" name="test_test_endpoint_400_when_no_url" time="0.086" /><testcase classname="backend.tests.test_beta_webhook.TestBetaWebhookTestEndpoint" name="test_test_endpoint_returns_sent_false_kind_slack_for_fake_url" time="0.221" /><testcase classname="backend.tests.test_beta_webhook.TestBetaWebhookTestEndpoint" name="test_test_endpoint_detects_discord_kind" time="0.296" /><testcase classname="backend.tests.test_beta_webhook.TestBetaWebhookTestEndpoint" name="test_test_endpoint_detects_generic_kind" time="0.170" /><testcase classname="backend.tests.test_beta_webhook.TestBetaWebhookTestEndpoint" name="test_test_endpoint_403_for_non_founder" time="0.399" /><testcase classname="backend.tests.test_beta_webhook.TestBetaWebhookTestEndpoint" name="test_feature_flags_patch_403_for_non_founder" time="0.045" /><testcase classname="backend.tests.test_beta_webhook.TestWebhookNotifierModule" name="test_detect_kind_slack" time="0.000" /><testcase classname="backend.tests.test_beta_webhook.TestWebhookNotifierModule" name="test_detect_kind_discord" time="0.000" /><testcase classname="backend.tests.test_beta_webhook.TestWebhookNotifierModule" name="test_detect_kind_generic" time="0.000" /><testcase classname="backend.tests.test_beta_webhook.TestWebhookNotifierModule" name="test_format_slack_block_kit" time="0.000" /><testcase classname="backend.tests.test_beta_webhook.TestWebhookNotifierModule" name="test_format_discord_embeds" time="0.000" /><testcase classname="backend.tests.test_beta_webhook.TestWebhookNotifierModule" name="test_format_generic_json" time="0.000" /><testcase classname="backend.tests.test_beta_webhook.TestWebhookNotifierModule" name="test_send_empty_url_returns_false_no_network" time="0.002" /><testcase classname="backend.tests.test_beta_webhook.TestWebhookNotifierModule" name="test_send_posts_correct_slack_payload_shape" time="0.000" /><testcase classname="backend.tests.test_beta_webhook.TestWebhookNotifierModule" name="test_send_posts_correct_discord_payload_shape" time="0.000" /><testcase classname="backend.tests.test_beta_webhook.TestWebhookNotifierModule" name="test_send_returns_false_on_non_2xx_without_raising" time="0.000" /><testcase classname="backend.tests.test_beta_webhook.TestWebhookNotifierModule" name="test_send_swallows_exceptions" time="0.045" /></testsuite></testsuites>