<?xml version="1.0" encoding="utf-8"?><testsuites name="pytest tests"><testsuite name="pytest" errors="0" failures="0" skipped="1" tests="8" time="4.434" timestamp="2026-06-26T17:54:45.439696+00:00" hostname="agent-env-94da76c9-54af-41b6-afd3-dee03e09b776"><testcase classname="tests.test_stripe_metrics.TestComputeStripeMrr" name="test_monthly_creator_subscription" time="0.006" /><testcase classname="tests.test_stripe_metrics.TestComputeStripeMrr" name="test_yearly_business_subscription_divides_by_12" time="0.001" /><testcase classname="tests.test_stripe_metrics.TestComputeStripeMrr" name="test_business_plus_extra_seats" time="0.000"><skipped type="pytest.skip" message="Seat add-on price IDs disabled while billing migrates to new Stripe account">/app/backend/tests/test_stripe_metrics.py:129: Seat add-on price IDs disabled while billing migrates to new Stripe account</skipped></testcase><testcase classname="tests.test_stripe_metrics.TestComputeStripeMrr" name="test_weekly_interval_multiplies_by_52_over_12" time="0.001" /><testcase classname="tests.test_stripe_metrics.TestComputeStripeMrr" name="test_plan_breakdown_ordering" time="0.001" /><testcase classname="tests.test_stripe_metrics.TestStripeMetricsEndpoint" name="test_anonymous_returns_401" time="0.131" /><testcase classname="tests.test_stripe_metrics.TestStripeMetricsEndpoint" name="test_non_founder_returns_403" time="1.221" /><testcase classname="tests.test_stripe_metrics.TestStripeMetricsEndpoint" name="test_founder_returns_200_with_shape" time="2.933" /></testsuite></testsuites>