<?xml version="1.0" encoding="utf-8"?><testsuites name="pytest tests"><testsuite name="pytest" errors="0" failures="0" skipped="0" tests="22" time="11.371" timestamp="2026-07-20T13:45:56.714343+00:00" hostname="agent-env-94da76c9-54af-41b6-afd3-dee03e09b776"><testcase classname="tests.test_qa_kickstart_provisioning" name="test_qa_account_direct_login[qa-kickstart1@zynthoro.io-QaKick1!Test-kickstart_1-79.0]" time="0.345" /><testcase classname="tests.test_qa_kickstart_provisioning" name="test_qa_account_direct_login[qa-kickstart2@zynthoro.io-QaKick2!Test-kickstart_2-149.0]" time="0.323" /><testcase classname="tests.test_qa_kickstart_provisioning" name="test_qa_account_direct_login[qa-kickstart3@zynthoro.io-QaKick3!Test-kickstart_3-199.0]" time="0.327" /><testcase classname="tests.test_qa_kickstart_provisioning" name="test_qa_account_direct_login[qa-compleet@zynthoro.io-QaComp!Test-compleet-79.99]" time="0.330" /><testcase classname="tests.test_qa_kickstart_provisioning" name="test_qa_account_direct_login[qa-aiweek@zynthoro.io-QaWeek!Test-ai_social_week-24.99]" time="0.330" /><testcase classname="tests.test_qa_kickstart_provisioning" name="test_qa_account_direct_login[qa-aimonth@zynthoro.io-QaMonth!Test-ai_social_month-59.99]" time="0.319" /><testcase classname="tests.test_qa_kickstart_provisioning" name="test_qa_account_tier_context[qa-kickstart1@zynthoro.io-QaKick1!Test-kickstart_1-79.0]" time="0.418" /><testcase classname="tests.test_qa_kickstart_provisioning" name="test_qa_account_tier_context[qa-kickstart2@zynthoro.io-QaKick2!Test-kickstart_2-149.0]" time="0.442" /><testcase classname="tests.test_qa_kickstart_provisioning" name="test_qa_account_tier_context[qa-kickstart3@zynthoro.io-QaKick3!Test-kickstart_3-199.0]" time="0.451" /><testcase classname="tests.test_qa_kickstart_provisioning" name="test_qa_account_tier_context[qa-compleet@zynthoro.io-QaComp!Test-compleet-79.99]" time="0.437" /><testcase classname="tests.test_qa_kickstart_provisioning" name="test_qa_account_tier_context[qa-aiweek@zynthoro.io-QaWeek!Test-ai_social_week-24.99]" time="0.425" /><testcase classname="tests.test_qa_kickstart_provisioning" name="test_qa_account_tier_context[qa-aimonth@zynthoro.io-QaMonth!Test-ai_social_month-59.99]" time="0.413" /><testcase classname="tests.test_qa_kickstart_provisioning" name="test_qa_account_tier_checkout[qa-kickstart1@zynthoro.io-QaKick1!Test-kickstart_1-79.0]" time="0.837" /><testcase classname="tests.test_qa_kickstart_provisioning" name="test_qa_account_tier_checkout[qa-kickstart2@zynthoro.io-QaKick2!Test-kickstart_2-149.0]" time="0.749" /><testcase classname="tests.test_qa_kickstart_provisioning" name="test_qa_account_tier_checkout[qa-kickstart3@zynthoro.io-QaKick3!Test-kickstart_3-199.0]" time="0.747" /><testcase classname="tests.test_qa_kickstart_provisioning" name="test_qa_account_tier_checkout[qa-compleet@zynthoro.io-QaComp!Test-compleet-79.99]" time="0.974" /><testcase classname="tests.test_qa_kickstart_provisioning" name="test_qa_account_tier_checkout[qa-aiweek@zynthoro.io-QaWeek!Test-ai_social_week-24.99]" time="0.732" /><testcase classname="tests.test_qa_kickstart_provisioning" name="test_qa_account_tier_checkout[qa-aimonth@zynthoro.io-QaMonth!Test-ai_social_month-59.99]" time="0.891" /><testcase classname="tests.test_qa_kickstart_provisioning" name="test_consent_waiver_false_rejected" time="0.443" /><testcase classname="tests.test_qa_kickstart_provisioning" name="test_founder_demo_regression[regie@myrootzz.com-Zynthoro2026!]" time="0.344" /><testcase classname="tests.test_qa_kickstart_provisioning" name="test_founder_demo_regression[jury@zynthoro.ai-ZynthoroDemo2026!]" time="0.320" /><testcase classname="tests.test_qa_kickstart_provisioning" name="test_non_flagged_user_requires_2fa_setup" time="0.704" /></testsuite></testsuites>