<?xml version="1.0" encoding="utf-8"?><testsuites name="pytest tests"><testsuite name="pytest" errors="0" failures="0" skipped="0" tests="11" time="32.377" timestamp="2026-06-25T06:06:10.134506+00:00" hostname="agent-env-94da76c9-54af-41b6-afd3-dee03e09b776"><testcase classname="backend.tests.test_marketing_caption" name="test_caption_happy_path_each_platform[instagram]" time="5.705" /><testcase classname="backend.tests.test_marketing_caption" name="test_caption_happy_path_each_platform[facebook]" time="2.870" /><testcase classname="backend.tests.test_marketing_caption" name="test_caption_happy_path_each_platform[linkedin]" time="6.874" /><testcase classname="backend.tests.test_marketing_caption" name="test_caption_happy_path_each_platform[tiktok]" time="4.020" /><testcase classname="backend.tests.test_marketing_caption" name="test_caption_happy_path_each_platform[x]" time="3.505" /><testcase classname="backend.tests.test_marketing_caption" name="test_caption_happy_path_each_platform[youtube]" time="4.789" /><testcase classname="backend.tests.test_marketing_caption" name="test_caption_empty_idea_returns_422" time="0.048" /><testcase classname="backend.tests.test_marketing_caption" name="test_caption_short_idea_returns_422" time="0.045" /><testcase classname="backend.tests.test_marketing_caption" name="test_caption_invalid_platform_returns_422" time="0.045" /><testcase classname="backend.tests.test_marketing_caption" name="test_caption_unauthenticated_returns_401" time="0.113" /><testcase classname="backend.tests.test_marketing_caption" name="test_caption_persists_ai_log" time="4.229" /></testsuite></testsuites>