<?xml version="1.0" encoding="utf-8"?><testsuites name="pytest tests"><testsuite name="pytest" errors="0" failures="0" skipped="0" tests="21" time="5.575" timestamp="2026-06-25T06:48:11.032068+00:00" hostname="agent-env-94da76c9-54af-41b6-afd3-dee03e09b776"><testcase classname="backend.tests.test_stripe_subscription_checkout.TestSubscriptionSessionHappy" name="test_each_plan_returns_stripe_url[Starter]" time="1.162" /><testcase classname="backend.tests.test_stripe_subscription_checkout.TestSubscriptionSessionHappy" name="test_each_plan_returns_stripe_url[Creator]" time="0.412" /><testcase classname="backend.tests.test_stripe_subscription_checkout.TestSubscriptionSessionHappy" name="test_each_plan_returns_stripe_url[Business]" time="0.408" /><testcase classname="backend.tests.test_stripe_subscription_checkout.TestSubscriptionSessionHappy" name="test_each_plan_returns_stripe_url[Agency]" time="0.396" /><testcase classname="backend.tests.test_stripe_subscription_checkout.TestSubscriptionSessionHappy" name="test_each_plan_returns_stripe_url[Enterprise Basic]" time="0.523" /><testcase classname="backend.tests.test_stripe_subscription_checkout.TestSubscriptionSessionHappy" name="test_each_plan_returns_stripe_url[Enterprise Plus]" time="0.489" /><testcase classname="backend.tests.test_stripe_subscription_checkout.TestSubscriptionSessionHappy" name="test_each_plan_returns_stripe_url[Enterprise Advanced]" time="0.449" /><testcase classname="backend.tests.test_stripe_subscription_checkout.TestSubscriptionSessionValidation" name="test_invalid_plan_key_returns_422" time="0.046" /><testcase classname="backend.tests.test_stripe_subscription_checkout.TestSubscriptionSessionValidation" name="test_missing_auth_returns_401" time="0.095" /><testcase classname="backend.tests.test_stripe_subscription_checkout.TestSubscriptionSessionValidation" name="test_billing_exempt_returns_400" time="0.052" /><testcase classname="backend.tests.test_stripe_subscription_checkout.TestSeatsSessionHappy" name="test_business_plan_returns_499" time="0.377" /><testcase classname="backend.tests.test_stripe_subscription_checkout.TestSeatsSessionHappy" name="test_agency_plan_returns_399" time="0.411" /><testcase classname="backend.tests.test_stripe_subscription_checkout.TestSeatsSessionValidation" name="test_enterprise_plan_returns_400_unlimited" time="0.047" /><testcase classname="backend.tests.test_stripe_subscription_checkout.TestSeatsSessionValidation" name="test_starter_creator_returns_400_not_available[Starter]" time="0.043" /><testcase classname="backend.tests.test_stripe_subscription_checkout.TestSeatsSessionValidation" name="test_starter_creator_returns_400_not_available[Creator]" time="0.052" /><testcase classname="backend.tests.test_stripe_subscription_checkout.TestSeatsSessionValidation" name="test_quantity_zero_returns_422" time="0.046" /><testcase classname="backend.tests.test_stripe_subscription_checkout.TestSeatsSessionValidation" name="test_quantity_101_returns_422" time="0.044" /><testcase classname="backend.tests.test_stripe_subscription_checkout.TestSeatsSessionValidation" name="test_missing_auth_returns_401" time="0.117" /><testcase classname="backend.tests.test_stripe_subscription_checkout.TestSeatsSessionValidation" name="test_billing_exempt_returns_400" time="0.047" /><testcase classname="backend.tests.test_stripe_subscription_checkout.TestWebhookSmoke" name="test_no_signature_returns_400" time="0.111" /><testcase classname="backend.tests.test_stripe_subscription_checkout.TestWebhookSmoke" name="test_invalid_signature_returns_400" time="0.104" /></testsuite></testsuites>