<?xml version="1.0" encoding="utf-8"?><testsuites name="pytest tests"><testsuite name="pytest" errors="0" failures="0" skipped="1" tests="41" time="89.863" timestamp="2026-06-25T05:25:03.828824+00:00" hostname="agent-env-94da76c9-54af-41b6-afd3-dee03e09b776"><testcase classname="test_phase2_auth_dashboard_ai.TestSignupVerify" name="test_signup_creates_user" time="0.608" /><testcase classname="test_phase2_auth_dashboard_ai.TestSignupVerify" name="test_signup_duplicate_returns_409" time="0.111" /><testcase classname="test_phase2_auth_dashboard_ai.TestSignupVerify" name="test_verify_email" time="0.095" /><testcase classname="test_phase2_auth_dashboard_ai.TestLoginTwoFA" name="test_login_returns_2fa_setup_required" time="0.328" /><testcase classname="test_phase2_auth_dashboard_ai.TestLoginTwoFA" name="test_totp_setup_returns_qr" time="0.122" /><testcase classname="test_phase2_auth_dashboard_ai.TestLoginTwoFA" name="test_totp_confirm_sets_access_cookie" time="0.101" /><testcase classname="test_phase2_auth_dashboard_ai.TestLoginTwoFA" name="test_me_returns_user" time="0.044" /><testcase classname="test_phase2_auth_dashboard_ai.TestLoginTwoFA" name="test_login_again_returns_2fa_required" time="0.338" /><testcase classname="test_phase2_auth_dashboard_ai.TestLoginTwoFA" name="test_email_2fa_flow" time="0.429"><skipped type="pytest.skip" message="Resend is configured — dev_code not returned; email 2FA verified via real inbox.">/app/backend/tests/test_phase2_auth_dashboard_ai.py:152: Resend is configured — dev_code not returned; email 2FA verified via real inbox.</skipped></testcase><testcase classname="test_phase2_auth_dashboard_ai.TestBruteForce" name="test_brute_force_lockout" time="2.146" /><testcase classname="test_phase2_auth_dashboard_ai.TestFounder" name="test_founder_me" time="0.471" /><testcase classname="test_phase2_auth_dashboard_ai.TestFounder" name="test_founder_stats" time="0.087" /><testcase classname="test_phase2_auth_dashboard_ai.TestFounder" name="test_founder_flags_get_and_patch" time="0.089" /><testcase classname="test_phase2_auth_dashboard_ai.TestFounder" name="test_founder_presale_signups" time="0.044" /><testcase classname="test_phase2_auth_dashboard_ai.TestFounder" name="test_founder_endpoints_block_normal_user" time="0.139" /><testcase classname="test_phase2_auth_dashboard_ai.TestOnboardingDashboard" name="test_onboarding_complete" time="0.126" /><testcase classname="test_phase2_auth_dashboard_ai.TestOnboardingDashboard" name="test_dashboard_summary" time="0.045" /><testcase classname="test_phase2_auth_dashboard_ai.TestOnboardingDashboard" name="test_team_list_owner_first" time="0.045" /><testcase classname="test_phase2_auth_dashboard_ai.TestOnboardingDashboard" name="test_team_invite_and_duplicate" time="0.196" /><testcase classname="test_phase2_auth_dashboard_ai.TestAIChat" name="test_ai_chat[zynthoro_assist]" time="0.922" /><testcase classname="test_phase2_auth_dashboard_ai.TestAIChat" name="test_ai_chat[zyntha]" time="0.560" /><testcase classname="test_phase2_auth_dashboard_ai.TestAIChat" name="test_ai_chat[thoro]" time="0.706" /><testcase classname="test_phase2_auth_dashboard_ai.TestAIChat" name="test_ai_chat[zyona]" time="1.126" /><testcase classname="test_phase2_auth_dashboard_ai.TestAIChat" name="test_ai_history" time="0.048" /><testcase classname="test_phase2_auth_dashboard_ai.TestCheckout" name="test_checkout_status_live" time="0.116" /><testcase classname="test_presale.TestRoot" name="test_root_returns_zynthoro_api" time="0.092" /><testcase classname="test_presale.TestPresaleSignup" name="test_signup_valid" time="0.094" /><testcase classname="test_presale.TestPresaleSignup" name="test_duplicate_email_returns_409" time="0.144" /><testcase classname="test_presale.TestPresaleSignup" name="test_duplicate_email_case_insensitive" time="0.136" /><testcase classname="test_presale.TestPresaleSignup" name="test_invalid_email_returns_422" time="0.093" /><testcase classname="test_presale.TestPresaleSignup" name="test_missing_name_returns_422" time="0.094" /><testcase classname="test_presale.TestPresaleCount" name="test_count_increments" time="0.206" /><testcase classname="test_streaming_legal.TestSSEStreaming" name="test_stream_shape[zynthoro_assist]" time="4.550" /><testcase classname="test_streaming_legal.TestSSEStreaming" name="test_stream_shape[zyntha]" time="2.245" /><testcase classname="test_streaming_legal.TestSSEStreaming" name="test_stream_shape[thoro]" time="3.703" /><testcase classname="test_streaming_legal.TestSSEStreaming" name="test_stream_shape[zyona]" time="4.191" /><testcase classname="test_streaming_legal.TestSSEStreaming" name="test_stream_long_form_not_truncated" time="41.295" /><testcase classname="test_streaming_legal.TestSSEStreaming" name="test_stream_persists_history" time="2.236" /><testcase classname="test_streaming_legal.TestPromptFixes" name="test_thoro_recommends_zynthoro_not_shopify" time="12.050" /><testcase classname="test_streaming_legal.TestPromptFixes" name="test_zyona_only_real_assistants" time="7.822" /><testcase classname="test_streaming_legal.TestRegressionChat" name="test_chat_endpoint_still_works" time="1.717" /></testsuite></testsuites>