<?xml version="1.0" encoding="utf-8"?><testsuites name="pytest tests"><testsuite name="pytest" errors="0" failures="0" skipped="0" tests="8" time="4.016" timestamp="2026-06-25T07:49:27.356715+00:00" hostname="agent-env-94da76c9-54af-41b6-afd3-dee03e09b776"><testcase classname="backend.tests.test_stripe_metrics.TestComputeStripeMrr" name="test_monthly_creator_subscription" time="0.005" /><testcase classname="backend.tests.test_stripe_metrics.TestComputeStripeMrr" name="test_yearly_business_subscription_divides_by_12" time="0.000" /><testcase classname="backend.tests.test_stripe_metrics.TestComputeStripeMrr" name="test_business_plus_extra_seats" time="0.000" /><testcase classname="backend.tests.test_stripe_metrics.TestComputeStripeMrr" name="test_weekly_interval_multiplies_by_52_over_12" time="0.000" /><testcase classname="backend.tests.test_stripe_metrics.TestComputeStripeMrr" name="test_plan_breakdown_ordering" time="0.000" /><testcase classname="backend.tests.test_stripe_metrics.TestStripeMetricsEndpoint" name="test_anonymous_returns_401" time="0.173" /><testcase classname="backend.tests.test_stripe_metrics.TestStripeMetricsEndpoint" name="test_non_founder_returns_403" time="1.026" /><testcase classname="backend.tests.test_stripe_metrics.TestStripeMetricsEndpoint" name="test_founder_returns_200_with_shape" time="2.729" /></testsuite></testsuites>