<?xml version="1.0" encoding="utf-8"?><testsuites name="pytest tests"><testsuite name="pytest" errors="0" failures="0" skipped="0" tests="36" time="19.895" timestamp="2026-07-20T15:46:11.067272+00:00" hostname="agent-env-94da76c9-54af-41b6-afd3-dee03e09b776"><testcase classname="tests.test_tier_provisioning_helper" name="test_provision_tier_purchase_helper[kickstart_1]" time="0.366" /><testcase classname="tests.test_tier_provisioning_helper" name="test_provision_tier_purchase_helper[kickstart_2]" time="0.344" /><testcase classname="tests.test_tier_provisioning_helper" name="test_provision_tier_purchase_helper[kickstart_3]" time="0.359" /><testcase classname="tests.test_tier_provisioning_helper" name="test_provision_tier_purchase_helper[compleet]" time="0.347" /><testcase classname="tests.test_tier_provisioning_helper" name="test_provision_tier_purchase_helper[ai_social_week]" time="0.340" /><testcase classname="tests.test_tier_provisioning_helper" name="test_provision_tier_purchase_helper[ai_social_month]" time="0.371" /><testcase classname="tests.test_tier_provisioning_helper" name="test_provision_tier_purchase_idempotent" time="0.367" /><testcase classname="tests.test_tier_provisioning_helper" name="test_status_endpoint_404_for_unknown_session" time="0.484" /><testcase classname="tests.test_tier_provisioning_helper" name="test_status_endpoint_returns_initiated_for_fresh_session" time="1.097" /><testcase classname="tests.test_tier_provisioning_helper" name="test_consent_waiver_false_still_rejected" time="0.441" /><testcase classname="tests.test_tier_provisioning_helper" name="test_qa_bypass_login_still_ok" time="2.018" /><testcase classname="tests.test_tier_provisioning_helper" name="test_invalid_price_id_raises_stripe_invalid_request" time="0.250" /><testcase classname="tests.test_tier_provisioning_helper" name="test_unknown_tier_key_returns_422_or_400" time="0.442" /><testcase classname="tests.test_tier_provisioning_helper" name="test_timeout_branch_returns_504" time="0.000" /><testcase classname="tests.test_qa_kickstart_provisioning" name="test_qa_account_direct_login[qa-kickstart1@zynthoro.io-QaKick1!Test-kickstart_1-79.0]" time="0.327" /><testcase classname="tests.test_qa_kickstart_provisioning" name="test_qa_account_direct_login[qa-kickstart2@zynthoro.io-QaKick2!Test-kickstart_2-149.0]" time="0.338" /><testcase classname="tests.test_qa_kickstart_provisioning" name="test_qa_account_direct_login[qa-kickstart3@zynthoro.io-QaKick3!Test-kickstart_3-199.0]" time="0.322" /><testcase classname="tests.test_qa_kickstart_provisioning" name="test_qa_account_direct_login[qa-compleet@zynthoro.io-QaComp!Test-compleet-79.99]" time="0.369" /><testcase classname="tests.test_qa_kickstart_provisioning" name="test_qa_account_direct_login[qa-aiweek@zynthoro.io-QaWeek!Test-ai_social_week-24.99]" time="0.327" /><testcase classname="tests.test_qa_kickstart_provisioning" name="test_qa_account_direct_login[qa-aimonth@zynthoro.io-QaMonth!Test-ai_social_month-59.99]" time="0.331" /><testcase classname="tests.test_qa_kickstart_provisioning" name="test_qa_account_tier_context[qa-kickstart1@zynthoro.io-QaKick1!Test-kickstart_1-79.0]" time="0.431" /><testcase classname="tests.test_qa_kickstart_provisioning" name="test_qa_account_tier_context[qa-kickstart2@zynthoro.io-QaKick2!Test-kickstart_2-149.0]" time="0.436" /><testcase classname="tests.test_qa_kickstart_provisioning" name="test_qa_account_tier_context[qa-kickstart3@zynthoro.io-QaKick3!Test-kickstart_3-199.0]" time="0.455" /><testcase classname="tests.test_qa_kickstart_provisioning" name="test_qa_account_tier_context[qa-compleet@zynthoro.io-QaComp!Test-compleet-79.99]" time="0.517" /><testcase classname="tests.test_qa_kickstart_provisioning" name="test_qa_account_tier_context[qa-aiweek@zynthoro.io-QaWeek!Test-ai_social_week-24.99]" time="0.421" /><testcase classname="tests.test_qa_kickstart_provisioning" name="test_qa_account_tier_context[qa-aimonth@zynthoro.io-QaMonth!Test-ai_social_month-59.99]" time="0.422" /><testcase classname="tests.test_qa_kickstart_provisioning" name="test_qa_account_tier_checkout[qa-kickstart1@zynthoro.io-QaKick1!Test-kickstart_1-79.0]" time="0.724" /><testcase classname="tests.test_qa_kickstart_provisioning" name="test_qa_account_tier_checkout[qa-kickstart2@zynthoro.io-QaKick2!Test-kickstart_2-149.0]" time="0.748" /><testcase classname="tests.test_qa_kickstart_provisioning" name="test_qa_account_tier_checkout[qa-kickstart3@zynthoro.io-QaKick3!Test-kickstart_3-199.0]" time="0.711" /><testcase classname="tests.test_qa_kickstart_provisioning" name="test_qa_account_tier_checkout[qa-compleet@zynthoro.io-QaComp!Test-compleet-79.99]" time="0.781" /><testcase classname="tests.test_qa_kickstart_provisioning" name="test_qa_account_tier_checkout[qa-aiweek@zynthoro.io-QaWeek!Test-ai_social_week-24.99]" time="0.745" /><testcase classname="tests.test_qa_kickstart_provisioning" name="test_qa_account_tier_checkout[qa-aimonth@zynthoro.io-QaMonth!Test-ai_social_month-59.99]" time="0.711" /><testcase classname="tests.test_qa_kickstart_provisioning" name="test_consent_waiver_false_rejected" time="0.430" /><testcase classname="tests.test_qa_kickstart_provisioning" name="test_founder_demo_regression[regie@myrootzz.com-Zynthoro2026!]" time="0.322" /><testcase classname="tests.test_qa_kickstart_provisioning" name="test_founder_demo_regression[jury@zynthoro.ai-ZynthoroDemo2026!]" time="0.363" /><testcase classname="tests.test_qa_kickstart_provisioning" name="test_non_flagged_user_requires_2fa_setup" time="0.620" /></testsuite></testsuites>