<?xml version="1.0" encoding="utf-8"?><testsuites name="pytest tests"><testsuite name="pytest" errors="0" failures="0" skipped="0" tests="9" time="5.479" timestamp="2026-07-20T17:05:08.045095+00:00" hostname="agent-env-94da76c9-54af-41b6-afd3-dee03e09b776"><testcase classname="backend.tests.test_admin_disable_2fa" name="test_missing_header_returns_401" time="0.151" /><testcase classname="backend.tests.test_admin_disable_2fa" name="test_wrong_key_returns_401" time="0.104" /><testcase classname="backend.tests.test_admin_disable_2fa" name="test_unknown_email_returns_404" time="0.114" /><testcase classname="backend.tests.test_admin_disable_2fa" name="test_invalid_email_format_returns_422" time="0.103" /><testcase classname="backend.tests.test_admin_disable_2fa" name="test_disable_2fa_on_existing_qa_user" time="3.098" /><testcase classname="backend.tests.test_admin_disable_2fa" name="test_disable_2fa_with_set_founder_true_promotes_user" time="0.129" /><testcase classname="backend.tests.test_admin_disable_2fa" name="test_email_is_lowercased_before_lookup" time="0.114" /><testcase classname="backend.tests.test_admin_disable_2fa" name="test_seed_endpoint_still_works" time="1.442" /><testcase classname="backend.tests.test_admin_disable_2fa" name="test_seed_endpoint_wrong_key_401" time="0.138" /></testsuite></testsuites>