<?xml version="1.0" encoding="utf-8"?><testsuites name="pytest tests"><testsuite name="pytest" errors="0" failures="0" skipped="1" tests="56" time="139.343" timestamp="2026-06-25T06:07:36.886889+00:00" hostname="agent-env-94da76c9-54af-41b6-afd3-dee03e09b776"><testcase classname="backend.tests.test_marketing_caption" name="test_caption_happy_path_each_platform[instagram]" time="5.391" /><testcase classname="backend.tests.test_marketing_caption" name="test_caption_happy_path_each_platform[facebook]" time="4.701" /><testcase classname="backend.tests.test_marketing_caption" name="test_caption_happy_path_each_platform[linkedin]" time="6.169" /><testcase classname="backend.tests.test_marketing_caption" name="test_caption_happy_path_each_platform[tiktok]" time="6.868" /><testcase classname="backend.tests.test_marketing_caption" name="test_caption_happy_path_each_platform[x]" time="4.298" /><testcase classname="backend.tests.test_marketing_caption" name="test_caption_happy_path_each_platform[youtube]" time="3.897" /><testcase classname="backend.tests.test_marketing_caption" name="test_caption_empty_idea_returns_422" time="0.066" /><testcase classname="backend.tests.test_marketing_caption" name="test_caption_short_idea_returns_422" time="0.046" /><testcase classname="backend.tests.test_marketing_caption" name="test_caption_invalid_platform_returns_422" time="0.046" /><testcase classname="backend.tests.test_marketing_caption" name="test_caption_unauthenticated_returns_401" time="0.141" /><testcase classname="backend.tests.test_marketing_caption" name="test_caption_persists_ai_log" time="4.479" /><testcase classname="backend.tests.test_phase2_auth_dashboard_ai.TestSignupVerify" name="test_signup_creates_user" time="0.525" /><testcase classname="backend.tests.test_phase2_auth_dashboard_ai.TestSignupVerify" name="test_signup_duplicate_returns_409" time="0.142" /><testcase classname="backend.tests.test_phase2_auth_dashboard_ai.TestSignupVerify" name="test_verify_email" time="0.093" /><testcase classname="backend.tests.test_phase2_auth_dashboard_ai.TestLoginTwoFA" name="test_login_returns_2fa_setup_required" time="0.318" /><testcase classname="backend.tests.test_phase2_auth_dashboard_ai.TestLoginTwoFA" name="test_totp_setup_returns_qr" time="0.105" /><testcase classname="backend.tests.test_phase2_auth_dashboard_ai.TestLoginTwoFA" name="test_totp_confirm_sets_access_cookie" time="0.102" /><testcase classname="backend.tests.test_phase2_auth_dashboard_ai.TestLoginTwoFA" name="test_me_returns_user" time="0.046" /><testcase classname="backend.tests.test_phase2_auth_dashboard_ai.TestLoginTwoFA" name="test_login_again_returns_2fa_required" time="0.324" /><testcase classname="backend.tests.test_phase2_auth_dashboard_ai.TestLoginTwoFA" name="test_email_2fa_flow" time="0.438"><skipped type="pytest.skip" message="Resend is configured — dev_code not returned; email 2FA verified via real inbox.">/app/backend/tests/test_phase2_auth_dashboard_ai.py:152: Resend is configured — dev_code not returned; email 2FA verified via real inbox.</skipped></testcase><testcase classname="backend.tests.test_phase2_auth_dashboard_ai.TestBruteForce" name="test_brute_force_lockout" time="2.119" /><testcase classname="backend.tests.test_phase2_auth_dashboard_ai.TestFounder" name="test_founder_me" time="0.447" /><testcase classname="backend.tests.test_phase2_auth_dashboard_ai.TestFounder" name="test_founder_stats" time="0.044" /><testcase classname="backend.tests.test_phase2_auth_dashboard_ai.TestFounder" name="test_founder_flags_get_and_patch" time="0.124" /><testcase classname="backend.tests.test_phase2_auth_dashboard_ai.TestFounder" name="test_founder_presale_signups" time="0.046" /><testcase classname="backend.tests.test_phase2_auth_dashboard_ai.TestFounder" name="test_founder_endpoints_block_normal_user" time="0.133" /><testcase classname="backend.tests.test_phase2_auth_dashboard_ai.TestOnboardingDashboard" name="test_onboarding_complete" time="0.093" /><testcase classname="backend.tests.test_phase2_auth_dashboard_ai.TestOnboardingDashboard" name="test_dashboard_summary" time="0.049" /><testcase classname="backend.tests.test_phase2_auth_dashboard_ai.TestOnboardingDashboard" name="test_team_list_owner_first" time="0.046" /><testcase classname="backend.tests.test_phase2_auth_dashboard_ai.TestOnboardingDashboard" name="test_team_invite_and_duplicate" time="0.206" /><testcase classname="backend.tests.test_phase2_auth_dashboard_ai.TestAIChat" name="test_ai_chat[zynthoro_assist]" time="1.164" /><testcase classname="backend.tests.test_phase2_auth_dashboard_ai.TestAIChat" name="test_ai_chat[zyntha]" time="2.429" /><testcase classname="backend.tests.test_phase2_auth_dashboard_ai.TestAIChat" name="test_ai_chat[thoro]" time="0.540" /><testcase classname="backend.tests.test_phase2_auth_dashboard_ai.TestAIChat" name="test_ai_chat[zyona]" time="1.096" /><testcase classname="backend.tests.test_phase2_auth_dashboard_ai.TestAIChat" name="test_ai_history" time="0.048" /><testcase classname="backend.tests.test_phase2_auth_dashboard_ai.TestCheckout" name="test_checkout_status_live" time="0.109" /><testcase classname="backend.tests.test_presale.TestRoot" name="test_root_returns_zynthoro_api" time="0.093" /><testcase classname="backend.tests.test_presale.TestPresaleSignup" name="test_signup_valid" time="0.094" /><testcase classname="backend.tests.test_presale.TestPresaleSignup" name="test_duplicate_email_returns_409" time="0.170" /><testcase classname="backend.tests.test_presale.TestPresaleSignup" name="test_duplicate_email_case_insensitive" time="0.129" /><testcase classname="backend.tests.test_presale.TestPresaleSignup" name="test_invalid_email_returns_422" time="0.089" /><testcase classname="backend.tests.test_presale.TestPresaleSignup" name="test_missing_name_returns_422" time="0.099" /><testcase classname="backend.tests.test_presale.TestPresaleCount" name="test_count_increments" time="0.197" /><testcase classname="backend.tests.test_streaming_legal.TestSSEStreaming" name="test_stream_shape[zynthoro_assist]" time="5.168" /><testcase classname="backend.tests.test_streaming_legal.TestSSEStreaming" name="test_stream_shape[zyntha]" time="2.492" /><testcase classname="backend.tests.test_streaming_legal.TestSSEStreaming" name="test_stream_shape[thoro]" time="3.974" /><testcase classname="backend.tests.test_streaming_legal.TestSSEStreaming" name="test_stream_shape[zyona]" time="4.050" /><testcase classname="backend.tests.test_streaming_legal.TestSSEStreaming" name="test_stream_long_form_not_truncated" time="44.535" /><testcase classname="backend.tests.test_streaming_legal.TestSSEStreaming" name="test_stream_persists_history" time="5.543" /><testcase classname="backend.tests.test_streaming_legal.TestPromptFixes" name="test_thoro_recommends_zynthoro_not_shopify" time="13.348" /><testcase classname="backend.tests.test_streaming_legal.TestPromptFixes" name="test_zyona_only_real_assistants" time="8.226" /><testcase classname="backend.tests.test_streaming_legal.TestRegressionChat" name="test_chat_endpoint_still_works" time="1.051" /><testcase classname="backend.tests.test_team_level.TestTeamLevelHierarchy" name="test_founder_team_list_reports_plan_and_max" time="0.779" /><testcase classname="backend.tests.test_team_level.TestTeamLevelHierarchy" name="test_founder_can_invite_level_10" time="0.698" /><testcase classname="backend.tests.test_team_level.TestTeamLevelHierarchy" name="test_starter_cannot_invite_above_level_3" time="1.055" /><testcase classname="backend.tests.test_team_level.TestTeamLevelHierarchy" name="test_invite_level_out_of_range_rejected_by_pydantic" time="0.502" /></testsuite></testsuites>