<?xml version="1.0" encoding="utf-8"?><testsuites name="pytest tests"><testsuite name="pytest" errors="0" failures="6" skipped="0" tests="11" time="8.431" timestamp="2026-07-20T15:00:34.554754+00:00" hostname="agent-env-94da76c9-54af-41b6-afd3-dee03e09b776"><testcase classname="tests.test_tier_provisioning_helper" name="test_provision_tier_purchase_helper[kickstart_1]" time="0.376"><failure message="AssertionError: {'id': 'c2a97f89-1242-4fc8-9fa7-878aa689f089', 'email': 'qa-kickstart1@zynthoro.io', 'password_hash': '$2b$12$N5l96uEWUx/Cu6eolkZHCuEJ2WGjA/NZfarC.wULAicrUEDB9qRHS', 'first_name': 'Qa Kickstart1', ...}&#10;assert None == 50">tests/test_tier_provisioning_helper.py:156: in test_provision_tier_purchase_helper
    assert post["ai_credits_limit"] == exp_credits, post
E   AssertionError: {'id': 'c2a97f89-1242-4fc8-9fa7-878aa689f089', 'email': 'qa-kickstart1@zynthoro.io', 'password_hash': '$2b$12$N5l96uEWUx/Cu6eolkZHCuEJ2WGjA/NZfarC.wULAicrUEDB9qRHS', 'first_name': 'Qa Kickstart1', ...}
E   assert None == 50</failure></testcase><testcase classname="tests.test_tier_provisioning_helper" name="test_provision_tier_purchase_helper[kickstart_2]" time="0.335"><failure message="AssertionError: {'id': 'a3996dd7-69f7-4e74-ac48-5ba32f21d484', 'email': 'qa-kickstart2@zynthoro.io', 'password_hash': '$2b$12$1p/wXTNADS02ejKd4o5RCudNbFThHyWY9a0KUs50siTEuxjBev3sK', 'first_name': 'Qa Kickstart2', ...}&#10;assert None == 150">tests/test_tier_provisioning_helper.py:156: in test_provision_tier_purchase_helper
    assert post["ai_credits_limit"] == exp_credits, post
E   AssertionError: {'id': 'a3996dd7-69f7-4e74-ac48-5ba32f21d484', 'email': 'qa-kickstart2@zynthoro.io', 'password_hash': '$2b$12$1p/wXTNADS02ejKd4o5RCudNbFThHyWY9a0KUs50siTEuxjBev3sK', 'first_name': 'Qa Kickstart2', ...}
E   assert None == 150</failure></testcase><testcase classname="tests.test_tier_provisioning_helper" name="test_provision_tier_purchase_helper[kickstart_3]" time="0.350"><failure message="AssertionError: {'id': 'b4185977-8dc1-4fe4-b5d0-9dec86f9d4be', 'email': 'qa-kickstart3@zynthoro.io', 'password_hash': '$2b$12$VbNRKeDmu8au2JJGjcB//.Pr9.GXeKFKjQjeqjR.BBGTn.vKO/.8G', 'first_name': 'Qa Kickstart3', ...}&#10;assert None == 300">tests/test_tier_provisioning_helper.py:156: in test_provision_tier_purchase_helper
    assert post["ai_credits_limit"] == exp_credits, post
E   AssertionError: {'id': 'b4185977-8dc1-4fe4-b5d0-9dec86f9d4be', 'email': 'qa-kickstart3@zynthoro.io', 'password_hash': '$2b$12$VbNRKeDmu8au2JJGjcB//.Pr9.GXeKFKjQjeqjR.BBGTn.vKO/.8G', 'first_name': 'Qa Kickstart3', ...}
E   assert None == 300</failure></testcase><testcase classname="tests.test_tier_provisioning_helper" name="test_provision_tier_purchase_helper[compleet]" time="0.370" /><testcase classname="tests.test_tier_provisioning_helper" name="test_provision_tier_purchase_helper[ai_social_week]" time="0.344"><failure message="AssertionError: {'id': 'c8c0974f-65f0-4f2c-b8ef-88eb21469ffe', 'email': 'qa-aiweek@zynthoro.io', 'password_hash': '$2b$12$6dxhXh4Xl/E3DCzbP2BkLOdpCIRK/GLWWthoHiP/EVEDNsU9uyeIG', 'first_name': 'Qa Aiweek', ...}&#10;assert None == 30">tests/test_tier_provisioning_helper.py:156: in test_provision_tier_purchase_helper
    assert post["ai_credits_limit"] == exp_credits, post
E   AssertionError: {'id': 'c8c0974f-65f0-4f2c-b8ef-88eb21469ffe', 'email': 'qa-aiweek@zynthoro.io', 'password_hash': '$2b$12$6dxhXh4Xl/E3DCzbP2BkLOdpCIRK/GLWWthoHiP/EVEDNsU9uyeIG', 'first_name': 'Qa Aiweek', ...}
E   assert None == 30</failure></testcase><testcase classname="tests.test_tier_provisioning_helper" name="test_provision_tier_purchase_helper[ai_social_month]" time="0.361"><failure message="AssertionError: {'id': '3d3147d3-0f3e-40ce-9429-eb5c7a0542da', 'email': 'qa-aimonth@zynthoro.io', 'password_hash': '$2b$12$WIcEyQmm/ka3gG7nzgc2o.FFaTtVPTxEetsERG.SLcAPMDLRM79.C', 'first_name': 'Qa Aimonth', ...}&#10;assert None == 150">tests/test_tier_provisioning_helper.py:156: in test_provision_tier_purchase_helper
    assert post["ai_credits_limit"] == exp_credits, post
E   AssertionError: {'id': '3d3147d3-0f3e-40ce-9429-eb5c7a0542da', 'email': 'qa-aimonth@zynthoro.io', 'password_hash': '$2b$12$WIcEyQmm/ka3gG7nzgc2o.FFaTtVPTxEetsERG.SLcAPMDLRM79.C', 'first_name': 'Qa Aimonth', ...}
E   assert None == 150</failure></testcase><testcase classname="tests.test_tier_provisioning_helper" name="test_provision_tier_purchase_idempotent" time="0.386"><failure message="assert None == 50">tests/test_tier_provisioning_helper.py:218: in test_provision_tier_purchase_idempotent
    assert post["ai_credits_limit"] == 50
E   assert None == 50</failure></testcase><testcase classname="tests.test_tier_provisioning_helper" name="test_status_endpoint_404_for_unknown_session" time="0.459" /><testcase classname="tests.test_tier_provisioning_helper" name="test_status_endpoint_returns_initiated_for_fresh_session" time="1.209" /><testcase classname="tests.test_tier_provisioning_helper" name="test_consent_waiver_false_still_rejected" time="0.426" /><testcase classname="tests.test_tier_provisioning_helper" name="test_qa_bypass_login_still_ok" time="2.022" /></testsuite></testsuites>