<?xml version="1.0" encoding="utf-8"?><testsuites name="pytest tests"><testsuite name="pytest" errors="0" failures="5" skipped="0" tests="11" time="26.090" timestamp="2026-06-25T05:55:31.581094+00:00" hostname="agent-env-94da76c9-54af-41b6-afd3-dee03e09b776"><testcase classname="backend.tests.test_marketing_caption" name="test_caption_happy_path_each_platform[instagram]" time="4.336"><failure message="AssertionError: caption is raw JSON: {&quot;caption&quot;: &quot;Guess what just landed? Our new sustainable coffee blend! 🌍 We're s&#10;assert not True&#10; +  where True = &lt;built-in method startswith of str object at 0xaf3e364b3de0&gt;('{&quot;caption&quot;')&#10; +    where &lt;built-in method startswith of str object at 0xaf3e364b3de0&gt; = '{&quot;caption&quot;: &quot;Guess what just landed? Our new sustainable coffee blend! 🌍 We\'re so excited for'.startswith">backend/tests/test_marketing_caption.py:87: in test_caption_happy_path_each_platform
    assert not caption.startswith('{"caption"'), f"caption is raw JSON: {caption[:80]}"
E   AssertionError: caption is raw JSON: {"caption": "Guess what just landed? Our new sustainable coffee blend! 🌍 We're s
E   assert not True
E    +  where True = &lt;built-in method startswith of str object at 0xaf3e364b3de0&gt;('{"caption"')
E    +    where &lt;built-in method startswith of str object at 0xaf3e364b3de0&gt; = '{"caption": "Guess what just landed? Our new sustainable coffee blend! 🌍 We\'re so excited for'.startswith</failure></testcase><testcase classname="backend.tests.test_marketing_caption" name="test_caption_happy_path_each_platform[facebook]" time="3.249"><failure message="AssertionError: caption is raw JSON: {&quot;caption&quot;: &quot;Big news! Our new sustainable coffee blend just dropped. ☕️ Crafted&#10;assert not True&#10; +  where True = &lt;built-in method startswith of str object at 0xaf3e36463950&gt;('{&quot;caption&quot;')&#10; +    where &lt;built-in method startswith of str object at 0xaf3e36463950&gt; = '{&quot;caption&quot;: &quot;Big news! Our new sustainable coffee blend just dropped. ☕️ Crafted with care, it\'s a delicious cup you can feel good about — for you and the planet. Get ready to brew something special!&quot;, &quot;hashtags&quot;: [&quot;sustainable'.startswith">backend/tests/test_marketing_caption.py:87: in test_caption_happy_path_each_platform
    assert not caption.startswith('{"caption"'), f"caption is raw JSON: {caption[:80]}"
E   AssertionError: caption is raw JSON: {"caption": "Big news! Our new sustainable coffee blend just dropped. ☕️ Crafted
E   assert not True
E    +  where True = &lt;built-in method startswith of str object at 0xaf3e36463950&gt;('{"caption"')
E    +    where &lt;built-in method startswith of str object at 0xaf3e36463950&gt; = '{"caption": "Big news! Our new sustainable coffee blend just dropped. ☕️ Crafted with care, it\'s a delicious cup you can feel good about — for you and the planet. Get ready to brew something special!", "hashtags": ["sustainable'.startswith</failure></testcase><testcase classname="backend.tests.test_marketing_caption" name="test_caption_happy_path_each_platform[linkedin]" time="3.530"><failure message="AssertionError: caption is raw JSON: {&quot;caption&quot;: &quot;Big news from Zynthoro! We're thrilled to announce the launch of ou&#10;assert not True&#10; +  where True = &lt;built-in method startswith of str object at 0xfc0dcddafcb0&gt;('{&quot;caption&quot;')&#10; +    where &lt;built-in method startswith of str object at 0xfc0dcddafcb0&gt; = '{&quot;caption&quot;: &quot;Big news from Zynthoro! We\'re thrilled to announce the launch of our brand-new'.startswith">backend/tests/test_marketing_caption.py:87: in test_caption_happy_path_each_platform
    assert not caption.startswith('{"caption"'), f"caption is raw JSON: {caption[:80]}"
E   AssertionError: caption is raw JSON: {"caption": "Big news from Zynthoro! We're thrilled to announce the launch of ou
E   assert not True
E    +  where True = &lt;built-in method startswith of str object at 0xfc0dcddafcb0&gt;('{"caption"')
E    +    where &lt;built-in method startswith of str object at 0xfc0dcddafcb0&gt; = '{"caption": "Big news from Zynthoro! We\'re thrilled to announce the launch of our brand-new'.startswith</failure></testcase><testcase classname="backend.tests.test_marketing_caption" name="test_caption_happy_path_each_platform[tiktok]" time="3.608"><failure message="AssertionError: caption is raw JSON: {&quot;caption&quot;: &quot;New blend just hit the shelves! ☕️ Our latest coffee isn't just del&#10;assert not True&#10; +  where True = &lt;built-in method startswith of str object at 0xfc0dcf631f10&gt;('{&quot;caption&quot;')&#10; +    where &lt;built-in method startswith of str object at 0xfc0dcf631f10&gt; = '{&quot;caption&quot;: &quot;New blend just hit the shelves! ☕️ Our latest coffee isn\'t just delicious,'.startswith">backend/tests/test_marketing_caption.py:87: in test_caption_happy_path_each_platform
    assert not caption.startswith('{"caption"'), f"caption is raw JSON: {caption[:80]}"
E   AssertionError: caption is raw JSON: {"caption": "New blend just hit the shelves! ☕️ Our latest coffee isn't just del
E   assert not True
E    +  where True = &lt;built-in method startswith of str object at 0xfc0dcf631f10&gt;('{"caption"')
E    +    where &lt;built-in method startswith of str object at 0xfc0dcf631f10&gt; = '{"caption": "New blend just hit the shelves! ☕️ Our latest coffee isn\'t just delicious,'.startswith</failure></testcase><testcase classname="backend.tests.test_marketing_caption" name="test_caption_happy_path_each_platform[x]" time="3.442" /><testcase classname="backend.tests.test_marketing_caption" name="test_caption_happy_path_each_platform[youtube]" time="3.265"><failure message="AssertionError: caption is raw JSON: {&quot;caption&quot;: &quot;Guess what just dropped? Our new sustainable coffee blend is here! &#10;assert not True&#10; +  where True = &lt;built-in method startswith of str object at 0xfc0dcef90330&gt;('{&quot;caption&quot;')&#10; +    where &lt;built-in method startswith of str object at 0xfc0dcef90330&gt; = '{&quot;caption&quot;: &quot;Guess what just dropped? Our new sustainable coffee blend is here! ☕️ Dive into incredible flavor knowing every'.startswith">backend/tests/test_marketing_caption.py:87: in test_caption_happy_path_each_platform
    assert not caption.startswith('{"caption"'), f"caption is raw JSON: {caption[:80]}"
E   AssertionError: caption is raw JSON: {"caption": "Guess what just dropped? Our new sustainable coffee blend is here! 
E   assert not True
E    +  where True = &lt;built-in method startswith of str object at 0xfc0dcef90330&gt;('{"caption"')
E    +    where &lt;built-in method startswith of str object at 0xfc0dcef90330&gt; = '{"caption": "Guess what just dropped? Our new sustainable coffee blend is here! ☕️ Dive into incredible flavor knowing every'.startswith</failure></testcase><testcase classname="backend.tests.test_marketing_caption" name="test_caption_empty_idea_returns_422" time="0.045" /><testcase classname="backend.tests.test_marketing_caption" name="test_caption_short_idea_returns_422" time="0.102" /><testcase classname="backend.tests.test_marketing_caption" name="test_caption_invalid_platform_returns_422" time="0.045" /><testcase classname="backend.tests.test_marketing_caption" name="test_caption_unauthenticated_returns_401" time="0.187" /><testcase classname="backend.tests.test_marketing_caption" name="test_caption_persists_ai_log" time="4.109" /></testsuite></testsuites>