<?xml version="1.0" encoding="utf-8"?><testsuites name="pytest tests"><testsuite name="pytest" errors="0" failures="0" skipped="0" tests="5" time="8.369" timestamp="2026-06-26T08:30:23.490443+00:00" hostname="agent-env-94da76c9-54af-41b6-afd3-dee03e09b776"><testcase classname="backend.tests.test_jury_lockout.TestJuryDemoLockoutImmunity" name="test_jury_login_success" time="0.493" /><testcase classname="backend.tests.test_jury_lockout.TestJuryDemoLockoutImmunity" name="test_jury_wrong_password_10x_never_429" time="3.257" /><testcase classname="backend.tests.test_jury_lockout.TestJuryDemoLockoutImmunity" name="test_jury_correct_password_works_after_barrage" time="1.901" /><testcase classname="backend.tests.test_jury_lockout.TestJuryDemoLockoutImmunity" name="test_jury_no_blocking_login_attempts_record" time="2.165" /><testcase classname="backend.tests.test_jury_lockout.TestNonDemoLockoutStillActive" name="test_non_demo_gets_429_after_threshold" time="0.413" /></testsuite></testsuites>