<?xml version="1.0" encoding="utf-8"?><testsuites name="pytest tests"><testsuite name="pytest" errors="0" failures="0" skipped="0" tests="18" time="12.391" timestamp="2026-07-07T12:02:42.989717+00:00" hostname="agent-env-94da76c9-54af-41b6-afd3-dee03e09b776"><testcase classname="backend.tests.test_canva_and_modules" name="test_jury_login_direct" time="0.447" /><testcase classname="backend.tests.test_canva_and_modules" name="test_auth_me" time="0.372" /><testcase classname="backend.tests.test_canva_and_modules" name="test_dashboard_summary" time="0.368" /><testcase classname="backend.tests.test_canva_and_modules.TestCanva" name="test_status_requires_auth" time="0.105" /><testcase classname="backend.tests.test_canva_and_modules.TestCanva" name="test_connect_requires_auth" time="0.104" /><testcase classname="backend.tests.test_canva_and_modules.TestCanva" name="test_designs_get_requires_auth" time="0.089" /><testcase classname="backend.tests.test_canva_and_modules.TestCanva" name="test_designs_post_requires_auth" time="0.105" /><testcase classname="backend.tests.test_canva_and_modules.TestCanva" name="test_disconnect_requires_auth" time="0.100" /><testcase classname="backend.tests.test_canva_and_modules.TestCanva" name="test_status_configured_not_connected" time="0.472" /><testcase classname="backend.tests.test_canva_and_modules.TestCanva" name="test_connect_returns_valid_authorize_url" time="0.367" /><testcase classname="backend.tests.test_canva_and_modules.TestCanva" name="test_callback_error_redirects" time="0.160" /><testcase classname="backend.tests.test_canva_and_modules.TestCanva" name="test_callback_invalid_state_redirects" time="0.095" /><testcase classname="backend.tests.test_canva_and_modules.TestCanva" name="test_designs_get_when_not_connected" time="0.423" /><testcase classname="backend.tests.test_canva_and_modules.TestCanva" name="test_designs_post_when_not_connected" time="0.448" /><testcase classname="backend.tests.test_canva_and_modules.TestCanva" name="test_disconnect_ok" time="0.389" /><testcase classname="backend.tests.test_canva_and_modules" name="test_operations_endpoint" time="0.359" /><testcase classname="backend.tests.test_canva_and_modules" name="test_marketing_caption_llm" time="5.961" /><testcase classname="backend.tests.test_canva_and_modules" name="test_ai_chat_smoke" time="1.942" /></testsuite></testsuites>