<?xml version="1.0" encoding="utf-8"?><testsuites name="pytest tests"><testsuite name="pytest" errors="0" failures="0" skipped="0" tests="15" time="3.737" timestamp="2026-06-28T06:44:50.277940+00:00" hostname="agent-env-94da76c9-54af-41b6-afd3-dee03e09b776"><testcase classname="tests.test_stripe_webhook_iter22_pings.TestEnterprisePing" name="test_enterprise_basic_fires_diamond_ping" time="0.121" /><testcase classname="tests.test_stripe_webhook_iter22_pings.TestEnterprisePing" name="test_enterprise_plus_fires" time="0.103" /><testcase classname="tests.test_stripe_webhook_iter22_pings.TestEnterprisePing" name="test_enterprise_advanced_fires" time="0.103" /><testcase classname="tests.test_stripe_webhook_iter22_pings.TestEnterprisePing" name="test_non_enterprise_plan_does_not_fire_ping" time="0.103" /><testcase classname="tests.test_stripe_webhook_iter22_pings.TestEnterprisePing" name="test_enterprise_no_ping_when_webhook_url_empty" time="0.103" /><testcase classname="tests.test_stripe_webhook_iter22_pings.TestPaymentFailedPing" name="test_payment_failed_fires_warning_ping_and_email" time="0.103" /><testcase classname="tests.test_stripe_webhook_iter22_pings.TestPaymentFailedPing" name="test_payment_failed_no_ping_when_webhook_url_empty" time="0.103" /><testcase classname="tests.test_stripe_webhook_iter22_pings.TestBetaSoldOutPing" name="test_beta_cap_hit_fires_both_pings" time="0.163" /><testcase classname="tests.test_stripe_webhook_iter22_pings.TestBetaSoldOutPing" name="test_beta_signup_below_cap_fires_only_one_ping" time="0.154" /><testcase classname="tests.test_stripe_webhook_iter22_pings.TestBetaSoldOutPing" name="test_beta_no_ping_when_webhook_url_empty" time="0.153" /><testcase classname="tests.test_stripe_webhook_iter22_pings.TestRegressionExistingPaths" name="test_subscription_change_does_not_fire_notifier_when_no_enterprise" time="0.113" /><testcase classname="tests.test_stripe_webhook_iter22_pings.TestRegressionExistingPaths" name="test_cancel_no_notifier_call" time="0.103" /><testcase classname="tests.test_stripe_webhook_iter22_pings.TestRegressionExistingPaths" name="test_trial_will_end_no_notifier_call" time="0.103" /><testcase classname="tests.test_stripe_webhook_iter22_pings.TestRegressionExistingPaths" name="test_catchall_event_no_notifier_call" time="0.103" /><testcase classname="tests.test_stripe_webhook_iter22_pings.TestFounderBetaWebhookTestEndpointIntact" name="test_endpoint_requires_auth" time="0.251" /></testsuite></testsuites>