<?xml version="1.0" encoding="utf-8"?><testsuites name="pytest tests"><testsuite name="pytest" errors="0" failures="0" skipped="0" tests="10" time="2.325" timestamp="2026-06-26T08:55:25.348155+00:00" hostname="agent-env-94da76c9-54af-41b6-afd3-dee03e09b776"><testcase classname="backend.tests.test_daily_digest.TestAuthGuard" name="test_preview_unauthenticated_rejected" time="0.177" /><testcase classname="backend.tests.test_daily_digest.TestAuthGuard" name="test_send_unauthenticated_rejected" time="0.125" /><testcase classname="backend.tests.test_daily_digest.TestAuthGuard" name="test_preview_jury_forbidden" time="0.418" /><testcase classname="backend.tests.test_daily_digest.TestAuthGuard" name="test_send_jury_forbidden" time="0.096" /><testcase classname="backend.tests.test_daily_digest.TestDigestPreview" name="test_preview_returns_html_and_counts" time="0.514" /><testcase classname="backend.tests.test_daily_digest.TestDigestPreview" name="test_preview_excludes_test_rows" time="0.107" /><testcase classname="backend.tests.test_daily_digest.TestDigestSend" name="test_send_force_true_dispatches" time="0.277" /><testcase classname="backend.tests.test_daily_digest.TestDigestSend" name="test_send_default_force_false_dedupes" time="0.243" /><testcase classname="backend.tests.test_daily_digest.TestDigestSend" name="test_send_force_true_bypasses_dedupe" time="0.223" /><testcase classname="backend.tests.test_daily_digest.TestScheduler" name="test_scheduler_startup_log_present" time="0.003" /></testsuite></testsuites>