<?xml version="1.0" encoding="utf-8"?><testsuites name="pytest tests"><testsuite name="pytest" errors="0" failures="0" skipped="0" tests="6" time="11.271" timestamp="2026-06-26T12:23:04.155469+00:00" hostname="agent-env-94da76c9-54af-41b6-afd3-dee03e09b776"><testcase classname="backend.tests.test_ai_company_context.TestAuthMeCompanyFields" name="test_jury_me_returns_full_company_profile" time="0.396" /><testcase classname="backend.tests.test_ai_company_context.TestChatCompanyInjection" name="test_chat_knows_company_and_industry" time="1.728" /><testcase classname="backend.tests.test_ai_company_context.TestChatCompanyInjection" name="test_thoro_knows_country" time="1.291" /><testcase classname="backend.tests.test_ai_company_context.TestStreamCompanyInjection" name="test_zyntha_stream_knows_plan_and_headcount" time="0.696" /><testcase classname="backend.tests.test_ai_company_context.TestCaptionWithContext" name="test_caption_returns_caption_and_hashtags" time="4.467" /><testcase classname="backend.tests.test_ai_company_context.TestEmptyProfileGraceful" name="test_fresh_user_chat_does_not_500" time="2.631" /></testsuite></testsuites>