<?xml version="1.0" encoding="utf-8"?><testsuites name="pytest tests"><testsuite name="pytest" errors="0" failures="0" skipped="0" tests="14" time="9.191" timestamp="2026-07-20T15:45:55.822305+00:00" hostname="agent-env-94da76c9-54af-41b6-afd3-dee03e09b776"><testcase classname="tests.test_tier_provisioning_helper" name="test_provision_tier_purchase_helper[kickstart_1]" time="0.449" /><testcase classname="tests.test_tier_provisioning_helper" name="test_provision_tier_purchase_helper[kickstart_2]" time="0.363" /><testcase classname="tests.test_tier_provisioning_helper" name="test_provision_tier_purchase_helper[kickstart_3]" time="0.366" /><testcase classname="tests.test_tier_provisioning_helper" name="test_provision_tier_purchase_helper[compleet]" time="0.399" /><testcase classname="tests.test_tier_provisioning_helper" name="test_provision_tier_purchase_helper[ai_social_week]" time="0.352" /><testcase classname="tests.test_tier_provisioning_helper" name="test_provision_tier_purchase_helper[ai_social_month]" time="0.380" /><testcase classname="tests.test_tier_provisioning_helper" name="test_provision_tier_purchase_idempotent" time="0.358" /><testcase classname="tests.test_tier_provisioning_helper" name="test_status_endpoint_404_for_unknown_session" time="0.478" /><testcase classname="tests.test_tier_provisioning_helper" name="test_status_endpoint_returns_initiated_for_fresh_session" time="1.099" /><testcase classname="tests.test_tier_provisioning_helper" name="test_consent_waiver_false_still_rejected" time="0.489" /><testcase classname="tests.test_tier_provisioning_helper" name="test_qa_bypass_login_still_ok" time="2.017" /><testcase classname="tests.test_tier_provisioning_helper" name="test_invalid_price_id_raises_stripe_invalid_request" time="0.229" /><testcase classname="tests.test_tier_provisioning_helper" name="test_unknown_tier_key_returns_422_or_400" time="0.435" /><testcase classname="tests.test_tier_provisioning_helper" name="test_timeout_branch_returns_504" time="0.000" /></testsuite></testsuites>