<?xml version="1.0" encoding="utf-8"?><testsuites name="pytest tests"><testsuite name="pytest" errors="0" failures="0" skipped="1" tests="29" time="17.205" timestamp="2026-07-20T17:08:45.484696+00:00" hostname="agent-env-94da76c9-54af-41b6-afd3-dee03e09b776"><testcase classname="tests.test_admin_disable_2fa" name="test_missing_header_returns_401" time="0.200" /><testcase classname="tests.test_admin_disable_2fa" name="test_wrong_key_returns_401" time="0.110" /><testcase classname="tests.test_admin_disable_2fa" name="test_unknown_email_returns_404" time="0.104" /><testcase classname="tests.test_admin_disable_2fa" name="test_invalid_email_format_returns_422" time="0.098" /><testcase classname="tests.test_admin_disable_2fa" name="test_disable_2fa_on_existing_qa_user" time="3.028" /><testcase classname="tests.test_admin_disable_2fa" name="test_disable_2fa_with_set_founder_true_promotes_user" time="0.116" /><testcase classname="tests.test_admin_disable_2fa" name="test_email_is_lowercased_before_lookup" time="0.116" /><testcase classname="tests.test_admin_disable_2fa" name="test_seed_endpoint_still_works" time="1.464" /><testcase classname="tests.test_admin_disable_2fa" name="test_seed_endpoint_wrong_key_401" time="0.112" /><testcase classname="tests.test_tier_provisioning_helper" name="test_provision_tier_purchase_helper[kickstart_1]" time="0.336" /><testcase classname="tests.test_tier_provisioning_helper" name="test_provision_tier_purchase_helper[kickstart_2]" time="0.370" /><testcase classname="tests.test_tier_provisioning_helper" name="test_provision_tier_purchase_helper[kickstart_3]" time="0.347" /><testcase classname="tests.test_tier_provisioning_helper" name="test_provision_tier_purchase_helper[compleet]" time="0.377" /><testcase classname="tests.test_tier_provisioning_helper" name="test_provision_tier_purchase_helper[ai_social_week]" time="0.372" /><testcase classname="tests.test_tier_provisioning_helper" name="test_provision_tier_purchase_helper[ai_social_month]" time="0.346" /><testcase classname="tests.test_tier_provisioning_helper" name="test_provision_tier_purchase_idempotent" time="0.382" /><testcase classname="tests.test_tier_provisioning_helper" name="test_status_endpoint_404_for_unknown_session" time="0.521" /><testcase classname="tests.test_tier_provisioning_helper" name="test_status_endpoint_returns_initiated_for_fresh_session" time="0.959" /><testcase classname="tests.test_tier_provisioning_helper" name="test_consent_waiver_false_still_rejected" time="0.426" /><testcase classname="tests.test_tier_provisioning_helper" name="test_qa_bypass_login_still_ok" time="1.988" /><testcase classname="tests.test_tier_provisioning_helper" name="test_invalid_price_id_raises_stripe_invalid_request" time="0.259" /><testcase classname="tests.test_tier_provisioning_helper" name="test_unknown_tier_key_returns_422_or_400" time="0.451" /><testcase classname="tests.test_tier_provisioning_helper" name="test_timeout_branch_returns_504" time="0.000" /><testcase classname="tests.test_stripe_catalog_startup" name="test_catalog_health_endpoint_public_ok" time="0.114" /><testcase classname="tests.test_stripe_catalog_startup" name="test_catalog_health_reports_boot_ok_in_dev" time="0.116" /><testcase classname="tests.test_stripe_catalog_startup" name="test_validate_catalog_all_good" time="1.194" /><testcase classname="tests.test_stripe_catalog_startup" name="test_validate_catalog_detects_missing_price" time="0.811" /><testcase classname="tests.test_stripe_catalog_startup" name="test_validate_catalog_detects_amount_mismatch" time="0.755" /><testcase classname="tests.test_stripe_catalog_startup" name="test_checkout_returns_503_when_catalog_marked_failed" time="0.000"><skipped type="pytest.skip" message="Cannot mutate running backend's _CATALOG_HEALTH from an external test process.">/app/backend/tests/test_stripe_catalog_startup.py:93: Cannot mutate running backend's _CATALOG_HEALTH from an external test process.</skipped></testcase></testsuite></testsuites>