<?xml version="1.0" encoding="utf-8"?><testsuites name="pytest tests"><testsuite name="pytest" errors="0" failures="0" skipped="0" tests="33" time="20.076" timestamp="2026-07-20T15:28:53.525608+00:00" hostname="agent-env-94da76c9-54af-41b6-afd3-dee03e09b776"><testcase classname="tests.test_tier_provisioning_helper" name="test_provision_tier_purchase_helper[kickstart_1]" time="0.456" /><testcase classname="tests.test_tier_provisioning_helper" name="test_provision_tier_purchase_helper[kickstart_2]" time="0.334" /><testcase classname="tests.test_tier_provisioning_helper" name="test_provision_tier_purchase_helper[kickstart_3]" time="0.353" /><testcase classname="tests.test_tier_provisioning_helper" name="test_provision_tier_purchase_helper[compleet]" time="0.362" /><testcase classname="tests.test_tier_provisioning_helper" name="test_provision_tier_purchase_helper[ai_social_week]" time="0.357" /><testcase classname="tests.test_tier_provisioning_helper" name="test_provision_tier_purchase_helper[ai_social_month]" time="0.332" /><testcase classname="tests.test_tier_provisioning_helper" name="test_provision_tier_purchase_idempotent" time="0.361" /><testcase classname="tests.test_tier_provisioning_helper" name="test_status_endpoint_404_for_unknown_session" time="0.486" /><testcase classname="tests.test_tier_provisioning_helper" name="test_status_endpoint_returns_initiated_for_fresh_session" time="1.194" /><testcase classname="tests.test_tier_provisioning_helper" name="test_consent_waiver_false_still_rejected" time="0.478" /><testcase classname="tests.test_tier_provisioning_helper" name="test_qa_bypass_login_still_ok" time="2.525" /><testcase classname="tests.test_qa_kickstart_provisioning" name="test_qa_account_direct_login[qa-kickstart1@zynthoro.io-QaKick1!Test-kickstart_1-79.0]" time="0.326" /><testcase classname="tests.test_qa_kickstart_provisioning" name="test_qa_account_direct_login[qa-kickstart2@zynthoro.io-QaKick2!Test-kickstart_2-149.0]" time="0.328" /><testcase classname="tests.test_qa_kickstart_provisioning" name="test_qa_account_direct_login[qa-kickstart3@zynthoro.io-QaKick3!Test-kickstart_3-199.0]" time="0.333" /><testcase classname="tests.test_qa_kickstart_provisioning" name="test_qa_account_direct_login[qa-compleet@zynthoro.io-QaComp!Test-compleet-79.99]" time="0.322" /><testcase classname="tests.test_qa_kickstart_provisioning" name="test_qa_account_direct_login[qa-aiweek@zynthoro.io-QaWeek!Test-ai_social_week-24.99]" time="0.393" /><testcase classname="tests.test_qa_kickstart_provisioning" name="test_qa_account_direct_login[qa-aimonth@zynthoro.io-QaMonth!Test-ai_social_month-59.99]" time="0.328" /><testcase classname="tests.test_qa_kickstart_provisioning" name="test_qa_account_tier_context[qa-kickstart1@zynthoro.io-QaKick1!Test-kickstart_1-79.0]" time="0.439" /><testcase classname="tests.test_qa_kickstart_provisioning" name="test_qa_account_tier_context[qa-kickstart2@zynthoro.io-QaKick2!Test-kickstart_2-149.0]" time="0.463" /><testcase classname="tests.test_qa_kickstart_provisioning" name="test_qa_account_tier_context[qa-kickstart3@zynthoro.io-QaKick3!Test-kickstart_3-199.0]" time="0.437" /><testcase classname="tests.test_qa_kickstart_provisioning" name="test_qa_account_tier_context[qa-compleet@zynthoro.io-QaComp!Test-compleet-79.99]" time="0.417" /><testcase classname="tests.test_qa_kickstart_provisioning" name="test_qa_account_tier_context[qa-aiweek@zynthoro.io-QaWeek!Test-ai_social_week-24.99]" time="0.456" /><testcase classname="tests.test_qa_kickstart_provisioning" name="test_qa_account_tier_context[qa-aimonth@zynthoro.io-QaMonth!Test-ai_social_month-59.99]" time="0.449" /><testcase classname="tests.test_qa_kickstart_provisioning" name="test_qa_account_tier_checkout[qa-kickstart1@zynthoro.io-QaKick1!Test-kickstart_1-79.0]" time="0.765" /><testcase classname="tests.test_qa_kickstart_provisioning" name="test_qa_account_tier_checkout[qa-kickstart2@zynthoro.io-QaKick2!Test-kickstart_2-149.0]" time="0.739" /><testcase classname="tests.test_qa_kickstart_provisioning" name="test_qa_account_tier_checkout[qa-kickstart3@zynthoro.io-QaKick3!Test-kickstart_3-199.0]" time="0.745" /><testcase classname="tests.test_qa_kickstart_provisioning" name="test_qa_account_tier_checkout[qa-compleet@zynthoro.io-QaComp!Test-compleet-79.99]" time="0.780" /><testcase classname="tests.test_qa_kickstart_provisioning" name="test_qa_account_tier_checkout[qa-aiweek@zynthoro.io-QaWeek!Test-ai_social_week-24.99]" time="0.773" /><testcase classname="tests.test_qa_kickstart_provisioning" name="test_qa_account_tier_checkout[qa-aimonth@zynthoro.io-QaMonth!Test-ai_social_month-59.99]" time="0.995" /><testcase classname="tests.test_qa_kickstart_provisioning" name="test_consent_waiver_false_rejected" time="0.433" /><testcase classname="tests.test_qa_kickstart_provisioning" name="test_founder_demo_regression[regie@myrootzz.com-Zynthoro2026!]" time="0.317" /><testcase classname="tests.test_qa_kickstart_provisioning" name="test_founder_demo_regression[jury@zynthoro.ai-ZynthoroDemo2026!]" time="0.334" /><testcase classname="tests.test_qa_kickstart_provisioning" name="test_non_flagged_user_requires_2fa_setup" time="0.590" /></testsuite></testsuites>