<?xml version="1.0" encoding="utf-8"?><testsuites name="pytest tests"><testsuite name="pytest" errors="0" failures="0" skipped="0" tests="7" time="5.497" timestamp="2026-06-26T15:20:32.473580+00:00" hostname="agent-env-94da76c9-54af-41b6-afd3-dee03e09b776"><testcase classname="backend.tests.test_beta_founding.TestBetaStatusPublic" name="test_status_no_auth_succeeds" time="0.703" /><testcase classname="backend.tests.test_beta_founding.TestBetaStatusPublic" name="test_status_idempotent_same_price_id" time="0.969" /><testcase classname="backend.tests.test_beta_founding.TestBetaStatusPublic" name="test_status_rejects_no_token_silently" time="0.516" /><testcase classname="backend.tests.test_beta_founding.TestBetaCheckoutPublic" name="test_checkout_basic_success" time="1.023" /><testcase classname="backend.tests.test_beta_founding.TestBetaCheckoutPublic" name="test_checkout_with_email_accepted" time="1.088" /><testcase classname="backend.tests.test_beta_founding.TestBetaCheckoutPublic" name="test_checkout_missing_origin_url_422" time="0.136" /><testcase classname="backend.tests.test_beta_founding.TestBetaCheckoutPublic" name="test_checkout_no_auth_required" time="0.987" /></testsuite></testsuites>