<?xml version="1.0" encoding="utf-8"?><testsuites name="pytest tests"><testsuite name="pytest" errors="0" failures="0" skipped="1" tests="49" time="123.149" timestamp="2026-06-25T06:48:28.426498+00:00" hostname="agent-env-94da76c9-54af-41b6-afd3-dee03e09b776"><testcase classname="backend.tests.test_phase2_auth_dashboard_ai.TestSignupVerify" name="test_signup_creates_user" time="0.564" /><testcase classname="backend.tests.test_phase2_auth_dashboard_ai.TestSignupVerify" name="test_signup_duplicate_returns_409" time="0.101" /><testcase classname="backend.tests.test_phase2_auth_dashboard_ai.TestSignupVerify" name="test_verify_email" time="0.092" /><testcase classname="backend.tests.test_phase2_auth_dashboard_ai.TestLoginTwoFA" name="test_login_returns_2fa_setup_required" time="0.321" /><testcase classname="backend.tests.test_phase2_auth_dashboard_ai.TestLoginTwoFA" name="test_totp_setup_returns_qr" time="0.106" /><testcase classname="backend.tests.test_phase2_auth_dashboard_ai.TestLoginTwoFA" name="test_totp_confirm_sets_access_cookie" time="0.099" /><testcase classname="backend.tests.test_phase2_auth_dashboard_ai.TestLoginTwoFA" name="test_me_returns_user" time="0.046" /><testcase classname="backend.tests.test_phase2_auth_dashboard_ai.TestLoginTwoFA" name="test_login_again_returns_2fa_required" time="0.321" /><testcase classname="backend.tests.test_phase2_auth_dashboard_ai.TestLoginTwoFA" name="test_email_2fa_flow" time="0.415"><skipped type="pytest.skip" message="Resend is configured — dev_code not returned; email 2FA verified via real inbox.">/app/backend/tests/test_phase2_auth_dashboard_ai.py:152: Resend is configured — dev_code not returned; email 2FA verified via real inbox.</skipped></testcase><testcase classname="backend.tests.test_phase2_auth_dashboard_ai.TestBruteForce" name="test_brute_force_lockout" time="2.107" /><testcase classname="backend.tests.test_phase2_auth_dashboard_ai.TestFounder" name="test_founder_me" time="0.456" /><testcase classname="backend.tests.test_phase2_auth_dashboard_ai.TestFounder" name="test_founder_stats" time="0.047" /><testcase classname="backend.tests.test_phase2_auth_dashboard_ai.TestFounder" name="test_founder_flags_get_and_patch" time="0.092" /><testcase classname="backend.tests.test_phase2_auth_dashboard_ai.TestFounder" name="test_founder_presale_signups" time="0.044" /><testcase classname="backend.tests.test_phase2_auth_dashboard_ai.TestFounder" name="test_founder_endpoints_block_normal_user" time="0.140" /><testcase classname="backend.tests.test_phase2_auth_dashboard_ai.TestOnboardingDashboard" name="test_onboarding_complete" time="0.094" /><testcase classname="backend.tests.test_phase2_auth_dashboard_ai.TestOnboardingDashboard" name="test_dashboard_summary" time="0.046" /><testcase classname="backend.tests.test_phase2_auth_dashboard_ai.TestOnboardingDashboard" name="test_team_list_owner_first" time="0.047" /><testcase classname="backend.tests.test_phase2_auth_dashboard_ai.TestOnboardingDashboard" name="test_team_invite_and_duplicate" time="0.197" /><testcase classname="backend.tests.test_phase2_auth_dashboard_ai.TestAIChat" name="test_ai_chat[zynthoro_assist]" time="1.289" /><testcase classname="backend.tests.test_phase2_auth_dashboard_ai.TestAIChat" name="test_ai_chat[zyntha]" time="0.588" /><testcase classname="backend.tests.test_phase2_auth_dashboard_ai.TestAIChat" name="test_ai_chat[thoro]" time="0.582" /><testcase classname="backend.tests.test_phase2_auth_dashboard_ai.TestAIChat" name="test_ai_chat[zyona]" time="1.160" /><testcase classname="backend.tests.test_phase2_auth_dashboard_ai.TestAIChat" name="test_ai_history" time="0.048" /><testcase classname="backend.tests.test_phase2_auth_dashboard_ai.TestCheckout" name="test_checkout_status_live" time="0.119" /><testcase classname="backend.tests.test_streaming_legal.TestSSEStreaming" name="test_stream_shape[zynthoro_assist]" time="3.785" /><testcase classname="backend.tests.test_streaming_legal.TestSSEStreaming" name="test_stream_shape[zyntha]" time="1.893" /><testcase classname="backend.tests.test_streaming_legal.TestSSEStreaming" name="test_stream_shape[thoro]" time="4.056" /><testcase classname="backend.tests.test_streaming_legal.TestSSEStreaming" name="test_stream_shape[zyona]" time="5.366" /><testcase classname="backend.tests.test_streaming_legal.TestSSEStreaming" name="test_stream_long_form_not_truncated" time="44.442" /><testcase classname="backend.tests.test_streaming_legal.TestSSEStreaming" name="test_stream_persists_history" time="2.476" /><testcase classname="backend.tests.test_streaming_legal.TestPromptFixes" name="test_thoro_recommends_zynthoro_not_shopify" time="14.199" /><testcase classname="backend.tests.test_streaming_legal.TestPromptFixes" name="test_zyona_only_real_assistants" time="7.496" /><testcase classname="backend.tests.test_streaming_legal.TestRegressionChat" name="test_chat_endpoint_still_works" time="1.597" /><testcase classname="backend.tests.test_team_level.TestTeamLevelHierarchy" name="test_founder_team_list_reports_plan_and_max" time="0.540" /><testcase classname="backend.tests.test_team_level.TestTeamLevelHierarchy" name="test_founder_can_invite_level_10" time="0.683" /><testcase classname="backend.tests.test_team_level.TestTeamLevelHierarchy" name="test_starter_cannot_invite_above_level_3" time="1.056" /><testcase classname="backend.tests.test_team_level.TestTeamLevelHierarchy" name="test_invite_level_out_of_range_rejected_by_pydantic" time="0.459" /><testcase classname="backend.tests.test_marketing_caption" name="test_caption_happy_path_each_platform[instagram]" time="3.286" /><testcase classname="backend.tests.test_marketing_caption" name="test_caption_happy_path_each_platform[facebook]" time="3.090" /><testcase classname="backend.tests.test_marketing_caption" name="test_caption_happy_path_each_platform[linkedin]" time="4.694" /><testcase classname="backend.tests.test_marketing_caption" name="test_caption_happy_path_each_platform[tiktok]" time="2.585" /><testcase classname="backend.tests.test_marketing_caption" name="test_caption_happy_path_each_platform[x]" time="3.782" /><testcase classname="backend.tests.test_marketing_caption" name="test_caption_happy_path_each_platform[youtube]" time="3.444" /><testcase classname="backend.tests.test_marketing_caption" name="test_caption_empty_idea_returns_422" time="0.044" /><testcase classname="backend.tests.test_marketing_caption" name="test_caption_short_idea_returns_422" time="0.049" /><testcase classname="backend.tests.test_marketing_caption" name="test_caption_invalid_platform_returns_422" time="0.042" /><testcase classname="backend.tests.test_marketing_caption" name="test_caption_unauthenticated_returns_401" time="0.124" /><testcase classname="backend.tests.test_marketing_caption" name="test_caption_persists_ai_log" time="4.687" /></testsuite></testsuites>