<?xml version="1.0" encoding="utf-8"?><testsuites name="pytest tests"><testsuite name="pytest" errors="0" failures="0" skipped="1" tests="107" time="146.727" timestamp="2026-06-25T08:09:09.209460+00:00" hostname="agent-env-94da76c9-54af-41b6-afd3-dee03e09b776"><testcase classname="tests.test_marketing_caption" name="test_caption_happy_path_each_platform[instagram]" time="4.401" /><testcase classname="tests.test_marketing_caption" name="test_caption_happy_path_each_platform[facebook]" time="3.357" /><testcase classname="tests.test_marketing_caption" name="test_caption_happy_path_each_platform[linkedin]" time="4.806" /><testcase classname="tests.test_marketing_caption" name="test_caption_happy_path_each_platform[tiktok]" time="2.971" /><testcase classname="tests.test_marketing_caption" name="test_caption_happy_path_each_platform[x]" time="4.452" /><testcase classname="tests.test_marketing_caption" name="test_caption_happy_path_each_platform[youtube]" time="2.887" /><testcase classname="tests.test_marketing_caption" name="test_caption_empty_idea_returns_422" time="0.082" /><testcase classname="tests.test_marketing_caption" name="test_caption_short_idea_returns_422" time="0.045" /><testcase classname="tests.test_marketing_caption" name="test_caption_invalid_platform_returns_422" time="0.044" /><testcase classname="tests.test_marketing_caption" name="test_caption_unauthenticated_returns_401" time="0.149" /><testcase classname="tests.test_marketing_caption" name="test_caption_persists_ai_log" time="5.150" /><testcase classname="tests.test_phase2_auth_dashboard_ai.TestSignupVerify" name="test_signup_creates_user" time="0.549" /><testcase classname="tests.test_phase2_auth_dashboard_ai.TestSignupVerify" name="test_signup_duplicate_returns_409" time="0.091" /><testcase classname="tests.test_phase2_auth_dashboard_ai.TestSignupVerify" name="test_verify_email" time="0.095" /><testcase classname="tests.test_phase2_auth_dashboard_ai.TestLoginTwoFA" name="test_login_returns_2fa_setup_required" time="0.313" /><testcase classname="tests.test_phase2_auth_dashboard_ai.TestLoginTwoFA" name="test_totp_setup_returns_qr" time="0.112" /><testcase classname="tests.test_phase2_auth_dashboard_ai.TestLoginTwoFA" name="test_totp_confirm_sets_access_cookie" time="0.103" /><testcase classname="tests.test_phase2_auth_dashboard_ai.TestLoginTwoFA" name="test_me_returns_user" time="0.043" /><testcase classname="tests.test_phase2_auth_dashboard_ai.TestLoginTwoFA" name="test_login_again_returns_2fa_required" time="0.346" /><testcase classname="tests.test_phase2_auth_dashboard_ai.TestLoginTwoFA" name="test_email_2fa_flow" time="0.420"><skipped type="pytest.skip" message="Resend is configured — dev_code not returned; email 2FA verified via real inbox.">/app/backend/tests/test_phase2_auth_dashboard_ai.py:152: Resend is configured — dev_code not returned; email 2FA verified via real inbox.</skipped></testcase><testcase classname="tests.test_phase2_auth_dashboard_ai.TestBruteForce" name="test_brute_force_lockout" time="2.333" /><testcase classname="tests.test_phase2_auth_dashboard_ai.TestFounder" name="test_founder_me" time="0.482" /><testcase classname="tests.test_phase2_auth_dashboard_ai.TestFounder" name="test_founder_stats" time="0.050" /><testcase classname="tests.test_phase2_auth_dashboard_ai.TestFounder" name="test_founder_flags_get_and_patch" time="0.094" /><testcase classname="tests.test_phase2_auth_dashboard_ai.TestFounder" name="test_founder_presale_signups" time="0.048" /><testcase classname="tests.test_phase2_auth_dashboard_ai.TestFounder" name="test_founder_endpoints_block_normal_user" time="0.132" /><testcase classname="tests.test_phase2_auth_dashboard_ai.TestOnboardingDashboard" name="test_onboarding_complete" time="0.169" /><testcase classname="tests.test_phase2_auth_dashboard_ai.TestOnboardingDashboard" name="test_dashboard_summary" time="0.046" /><testcase classname="tests.test_phase2_auth_dashboard_ai.TestOnboardingDashboard" name="test_team_list_owner_first" time="0.045" /><testcase classname="tests.test_phase2_auth_dashboard_ai.TestOnboardingDashboard" name="test_team_invite_and_duplicate" time="0.216" /><testcase classname="tests.test_phase2_auth_dashboard_ai.TestAIChat" name="test_ai_chat[zynthoro_assist]" time="1.109" /><testcase classname="tests.test_phase2_auth_dashboard_ai.TestAIChat" name="test_ai_chat[zyntha]" time="0.978" /><testcase classname="tests.test_phase2_auth_dashboard_ai.TestAIChat" name="test_ai_chat[thoro]" time="0.573" /><testcase classname="tests.test_phase2_auth_dashboard_ai.TestAIChat" name="test_ai_chat[zyona]" time="1.110" /><testcase classname="tests.test_phase2_auth_dashboard_ai.TestAIChat" name="test_ai_history" time="0.045" /><testcase classname="tests.test_phase2_auth_dashboard_ai.TestCheckout" name="test_checkout_status_live" time="0.112" /><testcase classname="tests.test_presale.TestRoot" name="test_root_returns_zynthoro_api" time="0.094" /><testcase classname="tests.test_presale.TestPresaleSignup" name="test_signup_valid" time="0.099" /><testcase classname="tests.test_presale.TestPresaleSignup" name="test_duplicate_email_returns_409" time="0.181" /><testcase classname="tests.test_presale.TestPresaleSignup" name="test_duplicate_email_case_insensitive" time="0.135" /><testcase classname="tests.test_presale.TestPresaleSignup" name="test_invalid_email_returns_422" time="0.088" /><testcase classname="tests.test_presale.TestPresaleSignup" name="test_missing_name_returns_422" time="0.093" /><testcase classname="tests.test_presale.TestPresaleCount" name="test_count_increments" time="0.193" /><testcase classname="tests.test_streaming_legal.TestSSEStreaming" name="test_stream_shape[zynthoro_assist]" time="5.010" /><testcase classname="tests.test_streaming_legal.TestSSEStreaming" name="test_stream_shape[zyntha]" time="2.648" /><testcase classname="tests.test_streaming_legal.TestSSEStreaming" name="test_stream_shape[thoro]" time="4.243" /><testcase classname="tests.test_streaming_legal.TestSSEStreaming" name="test_stream_shape[zyona]" time="3.751" /><testcase classname="tests.test_streaming_legal.TestSSEStreaming" name="test_stream_long_form_not_truncated" time="51.481" /><testcase classname="tests.test_streaming_legal.TestSSEStreaming" name="test_stream_persists_history" time="2.286" /><testcase classname="tests.test_streaming_legal.TestPromptFixes" name="test_thoro_recommends_zynthoro_not_shopify" time="15.936" /><testcase classname="tests.test_streaming_legal.TestPromptFixes" name="test_zyona_only_real_assistants" time="7.437" /><testcase classname="tests.test_streaming_legal.TestRegressionChat" name="test_chat_endpoint_still_works" time="1.088" /><testcase classname="tests.test_stripe_metrics.TestComputeStripeMrr" name="test_monthly_creator_subscription" time="0.006" /><testcase classname="tests.test_stripe_metrics.TestComputeStripeMrr" name="test_yearly_business_subscription_divides_by_12" time="0.000" /><testcase classname="tests.test_stripe_metrics.TestComputeStripeMrr" name="test_business_plus_extra_seats" time="0.000" /><testcase classname="tests.test_stripe_metrics.TestComputeStripeMrr" name="test_weekly_interval_multiplies_by_52_over_12" time="0.000" /><testcase classname="tests.test_stripe_metrics.TestComputeStripeMrr" name="test_plan_breakdown_ordering" time="0.000" /><testcase classname="tests.test_stripe_metrics.TestStripeMetricsEndpoint" name="test_anonymous_returns_401" time="0.156" /><testcase classname="tests.test_stripe_metrics.TestStripeMetricsEndpoint" name="test_non_founder_returns_403" time="0.956" /><testcase classname="tests.test_stripe_metrics.TestStripeMetricsEndpoint" name="test_founder_returns_200_with_shape" time="2.773" /><testcase classname="tests.test_stripe_subscription_checkout.TestSubscriptionSessionHappy" name="test_each_plan_returns_stripe_url[Starter]" time="0.912" /><testcase classname="tests.test_stripe_subscription_checkout.TestSubscriptionSessionHappy" name="test_each_plan_returns_stripe_url[Creator]" time="0.393" /><testcase classname="tests.test_stripe_subscription_checkout.TestSubscriptionSessionHappy" name="test_each_plan_returns_stripe_url[Business]" time="0.411" /><testcase classname="tests.test_stripe_subscription_checkout.TestSubscriptionSessionHappy" name="test_each_plan_returns_stripe_url[Agency]" time="0.435" /><testcase classname="tests.test_stripe_subscription_checkout.TestSubscriptionSessionHappy" name="test_each_plan_returns_stripe_url[Enterprise Basic]" time="0.404" /><testcase classname="tests.test_stripe_subscription_checkout.TestSubscriptionSessionHappy" name="test_each_plan_returns_stripe_url[Enterprise Plus]" time="0.457" /><testcase classname="tests.test_stripe_subscription_checkout.TestSubscriptionSessionHappy" name="test_each_plan_returns_stripe_url[Enterprise Advanced]" time="0.402" /><testcase classname="tests.test_stripe_subscription_checkout.TestSubscriptionSessionValidation" name="test_invalid_plan_key_returns_422" time="0.044" /><testcase classname="tests.test_stripe_subscription_checkout.TestSubscriptionSessionValidation" name="test_missing_auth_returns_401" time="0.114" /><testcase classname="tests.test_stripe_subscription_checkout.TestSubscriptionSessionValidation" name="test_billing_exempt_returns_400" time="0.047" /><testcase classname="tests.test_stripe_subscription_checkout.TestSeatsSessionHappy" name="test_business_plan_returns_499" time="0.411" /><testcase classname="tests.test_stripe_subscription_checkout.TestSeatsSessionHappy" name="test_agency_plan_returns_399" time="0.472" /><testcase classname="tests.test_stripe_subscription_checkout.TestSeatsSessionValidation" name="test_enterprise_plan_returns_400_unlimited" time="0.046" /><testcase classname="tests.test_stripe_subscription_checkout.TestSeatsSessionValidation" name="test_starter_creator_returns_400_not_available[Starter]" time="0.044" /><testcase classname="tests.test_stripe_subscription_checkout.TestSeatsSessionValidation" name="test_starter_creator_returns_400_not_available[Creator]" time="0.043" /><testcase classname="tests.test_stripe_subscription_checkout.TestSeatsSessionValidation" name="test_quantity_zero_returns_422" time="0.044" /><testcase classname="tests.test_stripe_subscription_checkout.TestSeatsSessionValidation" name="test_quantity_101_returns_422" time="0.043" /><testcase classname="tests.test_stripe_subscription_checkout.TestSeatsSessionValidation" name="test_missing_auth_returns_401" time="0.094" /><testcase classname="tests.test_stripe_subscription_checkout.TestSeatsSessionValidation" name="test_billing_exempt_returns_400" time="0.044" /><testcase classname="tests.test_stripe_subscription_checkout.TestWebhookSmoke" name="test_no_signature_returns_400" time="0.096" /><testcase classname="tests.test_stripe_subscription_checkout.TestWebhookSmoke" name="test_invalid_signature_returns_400" time="0.099" /><testcase classname="tests.test_stripe_webhook_alerts.TestEmailServiceHelpers" name="test_constants_present" time="0.000" /><testcase classname="tests.test_stripe_webhook_alerts.TestEmailServiceHelpers" name="test_emoji_mapping_complete" time="0.000" /><testcase classname="tests.test_stripe_webhook_alerts.TestEmailServiceHelpers" name="test_send_stripe_alert_is_async" time="0.000" /><testcase classname="tests.test_stripe_webhook_alerts.TestEmailServiceHelpers" name="test_send_stripe_alert_does_not_raise_on_resend_failure" time="0.002" /><testcase classname="tests.test_stripe_webhook_alerts.TestEmailServiceHelpers" name="test_send_stripe_alert_unknown_kind_uses_other" time="0.129" /><testcase classname="tests.test_stripe_webhook_alerts.TestPlanRank" name="test_presale_zero" time="0.000" /><testcase classname="tests.test_stripe_webhook_alerts.TestPlanRank" name="test_starter_one" time="0.000" /><testcase classname="tests.test_stripe_webhook_alerts.TestPlanRank" name="test_creator_two" time="0.000" /><testcase classname="tests.test_stripe_webhook_alerts.TestPlanRank" name="test_enterprise_advanced_seven" time="0.000" /><testcase classname="tests.test_stripe_webhook_alerts.TestPlanRank" name="test_unknown_plan_one" time="0.000" /><testcase classname="tests.test_stripe_webhook_alerts.TestPlanRank" name="test_none_zero" time="0.000" /><testcase classname="tests.test_stripe_webhook_alerts.TestPlanRank" name="test_upgrade_logic" time="0.000" /><testcase classname="tests.test_stripe_webhook_alerts.TestWebhookAlertWiring" name="test_subscribe_kind_when_prev_is_presale" time="0.058" /><testcase classname="tests.test_stripe_webhook_alerts.TestWebhookAlertWiring" name="test_upgrade_kind_creator_to_business" time="0.053" /><testcase classname="tests.test_stripe_webhook_alerts.TestWebhookAlertWiring" name="test_downgrade_kind_business_to_starter" time="0.053" /><testcase classname="tests.test_stripe_webhook_alerts.TestWebhookAlertWiring" name="test_seats_kind" time="0.054" /><testcase classname="tests.test_stripe_webhook_alerts.TestWebhookAlertWiring" name="test_cancel_kind" time="0.054" /><testcase classname="tests.test_stripe_webhook_alerts.TestWebhookAlertWiring" name="test_payment_failed_kind_with_amount" time="0.051" /><testcase classname="tests.test_stripe_webhook_alerts.TestWebhookAlertWiring" name="test_trial_end_kind" time="0.053" /><testcase classname="tests.test_stripe_webhook_alerts.TestWebhookAlertWiring" name="test_other_kind_for_updated" time="0.051" /><testcase classname="tests.test_stripe_webhook_alerts.TestWebhookAlertWiring" name="test_webhook_still_2xx_when_alert_raises" time="0.055" /><testcase classname="tests.test_stripe_webhook_alerts.TestWebhookEndpointReachable" name="test_live_webhook_rejects_bad_signature" time="0.104" /><testcase classname="tests.test_team_level.TestTeamLevelHierarchy" name="test_founder_team_list_reports_plan_and_max" time="0.467" /><testcase classname="tests.test_team_level.TestTeamLevelHierarchy" name="test_founder_can_invite_level_10" time="0.572" /><testcase classname="tests.test_team_level.TestTeamLevelHierarchy" name="test_starter_cannot_invite_above_level_3" time="1.051" /><testcase classname="tests.test_team_level.TestTeamLevelHierarchy" name="test_invite_level_out_of_range_rejected_by_pydantic" time="0.498" /></testsuite></testsuites>