<?xml version="1.0" encoding="utf-8"?><testsuites name="pytest tests"><testsuite name="pytest" errors="0" failures="0" skipped="1" tests="25" time="9.125" timestamp="2026-06-25T04:57:45.175263+00:00" hostname="agent-env-94da76c9-54af-41b6-afd3-dee03e09b776"><testcase classname="backend.tests.test_phase2_auth_dashboard_ai.TestSignupVerify" name="test_signup_creates_user" time="0.594" /><testcase classname="backend.tests.test_phase2_auth_dashboard_ai.TestSignupVerify" name="test_signup_duplicate_returns_409" time="0.104" /><testcase classname="backend.tests.test_phase2_auth_dashboard_ai.TestSignupVerify" name="test_verify_email" time="0.115" /><testcase classname="backend.tests.test_phase2_auth_dashboard_ai.TestLoginTwoFA" name="test_login_returns_2fa_setup_required" time="0.333" /><testcase classname="backend.tests.test_phase2_auth_dashboard_ai.TestLoginTwoFA" name="test_totp_setup_returns_qr" time="0.110" /><testcase classname="backend.tests.test_phase2_auth_dashboard_ai.TestLoginTwoFA" name="test_totp_confirm_sets_access_cookie" time="0.103" /><testcase classname="backend.tests.test_phase2_auth_dashboard_ai.TestLoginTwoFA" name="test_me_returns_user" time="0.050" /><testcase classname="backend.tests.test_phase2_auth_dashboard_ai.TestLoginTwoFA" name="test_login_again_returns_2fa_required" time="0.338" /><testcase classname="backend.tests.test_phase2_auth_dashboard_ai.TestLoginTwoFA" name="test_email_2fa_flow" time="0.496"><skipped type="pytest.skip" message="Resend is configured — dev_code not returned; email 2FA verified via real inbox.">/app/backend/tests/test_phase2_auth_dashboard_ai.py:152: Resend is configured — dev_code not returned; email 2FA verified via real inbox.</skipped></testcase><testcase classname="backend.tests.test_phase2_auth_dashboard_ai.TestBruteForce" name="test_brute_force_lockout" time="2.179" /><testcase classname="backend.tests.test_phase2_auth_dashboard_ai.TestFounder" name="test_founder_me" time="0.477" /><testcase classname="backend.tests.test_phase2_auth_dashboard_ai.TestFounder" name="test_founder_stats" time="0.046" /><testcase classname="backend.tests.test_phase2_auth_dashboard_ai.TestFounder" name="test_founder_flags_get_and_patch" time="0.089" /><testcase classname="backend.tests.test_phase2_auth_dashboard_ai.TestFounder" name="test_founder_presale_signups" time="0.048" /><testcase classname="backend.tests.test_phase2_auth_dashboard_ai.TestFounder" name="test_founder_endpoints_block_normal_user" time="0.160" /><testcase classname="backend.tests.test_phase2_auth_dashboard_ai.TestOnboardingDashboard" name="test_onboarding_complete" time="0.089" /><testcase classname="backend.tests.test_phase2_auth_dashboard_ai.TestOnboardingDashboard" name="test_dashboard_summary" time="0.045" /><testcase classname="backend.tests.test_phase2_auth_dashboard_ai.TestOnboardingDashboard" name="test_team_list_owner_first" time="0.046" /><testcase classname="backend.tests.test_phase2_auth_dashboard_ai.TestOnboardingDashboard" name="test_team_invite_and_duplicate" time="0.223" /><testcase classname="backend.tests.test_phase2_auth_dashboard_ai.TestAIChat" name="test_ai_chat[zynthoro_assist]" time="1.029" /><testcase classname="backend.tests.test_phase2_auth_dashboard_ai.TestAIChat" name="test_ai_chat[zyntha]" time="0.633" /><testcase classname="backend.tests.test_phase2_auth_dashboard_ai.TestAIChat" name="test_ai_chat[thoro]" time="0.537" /><testcase classname="backend.tests.test_phase2_auth_dashboard_ai.TestAIChat" name="test_ai_chat[zyona]" time="0.962" /><testcase classname="backend.tests.test_phase2_auth_dashboard_ai.TestAIChat" name="test_ai_history" time="0.045" /><testcase classname="backend.tests.test_phase2_auth_dashboard_ai.TestCheckout" name="test_checkout_status_live" time="0.122" /></testsuite></testsuites>