<?xml version="1.0" encoding="utf-8"?><testsuites name="pytest tests"><testsuite name="pytest" errors="0" failures="1" skipped="0" tests="25" time="14.274" timestamp="2026-06-18T12:51:07.783937+00:00" hostname="agent-env-94da76c9-54af-41b6-afd3-dee03e09b776"><testcase classname="backend.tests.test_phase2_auth_dashboard_ai.TestSignupVerify" name="test_signup_creates_user" time="0.354" /><testcase classname="backend.tests.test_phase2_auth_dashboard_ai.TestSignupVerify" name="test_signup_duplicate_returns_409" time="0.111" /><testcase classname="backend.tests.test_phase2_auth_dashboard_ai.TestSignupVerify" name="test_verify_email" time="0.113" /><testcase classname="backend.tests.test_phase2_auth_dashboard_ai.TestLoginTwoFA" name="test_login_returns_2fa_setup_required" time="0.328" /><testcase classname="backend.tests.test_phase2_auth_dashboard_ai.TestLoginTwoFA" name="test_totp_setup_returns_qr" time="0.107" /><testcase classname="backend.tests.test_phase2_auth_dashboard_ai.TestLoginTwoFA" name="test_totp_confirm_sets_access_cookie" time="0.097" /><testcase classname="backend.tests.test_phase2_auth_dashboard_ai.TestLoginTwoFA" name="test_me_returns_user" time="0.045" /><testcase classname="backend.tests.test_phase2_auth_dashboard_ai.TestLoginTwoFA" name="test_login_again_returns_2fa_required" time="0.323" /><testcase classname="backend.tests.test_phase2_auth_dashboard_ai.TestLoginTwoFA" name="test_email_2fa_flow" time="0.657" /><testcase classname="backend.tests.test_phase2_auth_dashboard_ai.TestBruteForce" name="test_brute_force_lockout" time="2.269"><failure message="AssertionError: {&quot;detail&quot;:&quot;Invalid email or password.&quot;}&#10;assert 401 == 429&#10; +  where 401 = &lt;Response [401]&gt;.status_code">E   AssertionError: {"detail":"Invalid email or password."}
    assert 401 == 429
     +  where 401 = &lt;Response [401]&gt;.status_code</failure></testcase><testcase classname="backend.tests.test_phase2_auth_dashboard_ai.TestFounder" name="test_founder_me" time="0.502" /><testcase classname="backend.tests.test_phase2_auth_dashboard_ai.TestFounder" name="test_founder_stats" time="0.051" /><testcase classname="backend.tests.test_phase2_auth_dashboard_ai.TestFounder" name="test_founder_flags_get_and_patch" time="0.103" /><testcase classname="backend.tests.test_phase2_auth_dashboard_ai.TestFounder" name="test_founder_presale_signups" time="0.060" /><testcase classname="backend.tests.test_phase2_auth_dashboard_ai.TestFounder" name="test_founder_endpoints_block_normal_user" time="0.137" /><testcase classname="backend.tests.test_phase2_auth_dashboard_ai.TestOnboardingDashboard" name="test_onboarding_complete" time="0.102" /><testcase classname="backend.tests.test_phase2_auth_dashboard_ai.TestOnboardingDashboard" name="test_dashboard_summary" time="0.047" /><testcase classname="backend.tests.test_phase2_auth_dashboard_ai.TestOnboardingDashboard" name="test_team_list_owner_first" time="0.047" /><testcase classname="backend.tests.test_phase2_auth_dashboard_ai.TestOnboardingDashboard" name="test_team_invite_and_duplicate" time="0.089" /><testcase classname="backend.tests.test_phase2_auth_dashboard_ai.TestAIChat" name="test_ai_chat[zynthoro_assist]" time="1.797" /><testcase classname="backend.tests.test_phase2_auth_dashboard_ai.TestAIChat" name="test_ai_chat[zyntha]" time="1.696" /><testcase classname="backend.tests.test_phase2_auth_dashboard_ai.TestAIChat" name="test_ai_chat[thoro]" time="2.628" /><testcase classname="backend.tests.test_phase2_auth_dashboard_ai.TestAIChat" name="test_ai_chat[zion]" time="2.279" /><testcase classname="backend.tests.test_phase2_auth_dashboard_ai.TestAIChat" name="test_ai_history" time="0.045" /><testcase classname="backend.tests.test_phase2_auth_dashboard_ai.TestCheckout" name="test_checkout_disabled" time="0.146" /></testsuite></testsuites>