<?xml version="1.0" encoding="utf-8"?><testsuites name="pytest tests"><testsuite name="pytest" errors="0" failures="0" skipped="0" tests="7" time="1.312" timestamp="2026-06-18T11:44:30.709018+00:00" hostname="agent-env-94da76c9-54af-41b6-afd3-dee03e09b776"><testcase classname="backend.tests.test_presale.TestRoot" name="test_root_returns_zynthoro_api" time="0.219" /><testcase classname="backend.tests.test_presale.TestPresaleSignup" name="test_signup_valid" time="0.132" /><testcase classname="backend.tests.test_presale.TestPresaleSignup" name="test_duplicate_email_returns_409" time="0.186" /><testcase classname="backend.tests.test_presale.TestPresaleSignup" name="test_duplicate_email_case_insensitive" time="0.175" /><testcase classname="backend.tests.test_presale.TestPresaleSignup" name="test_invalid_email_returns_422" time="0.128" /><testcase classname="backend.tests.test_presale.TestPresaleSignup" name="test_missing_name_returns_422" time="0.130" /><testcase classname="backend.tests.test_presale.TestPresaleCount" name="test_count_increments" time="0.187" /></testsuite></testsuites>