<?xml version="1.0" encoding="utf-8"?><testsuites name="pytest tests"><testsuite name="pytest" errors="0" failures="0" skipped="0" tests="30" time="4.847" timestamp="2026-07-21T05:47:47.058577+00:00" hostname="agent-env-94da76c9-54af-41b6-afd3-dee03e09b776"><testcase classname="tests.test_session_c1_api_20260215.TestFinanceSettings" name="test_get_settings" time="0.407" /><testcase classname="tests.test_session_c1_api_20260215.TestFinanceSettings" name="test_update_settings" time="0.100" /><testcase classname="tests.test_session_c1_api_20260215.TestFinanceInvoices" name="test_create_totals" time="0.049" /><testcase classname="tests.test_session_c1_api_20260215.TestFinanceInvoices" name="test_list_invoices_totals" time="0.047" /><testcase classname="tests.test_session_c1_api_20260215.TestFinanceInvoices" name="test_get_invoice_with_payments" time="0.048" /><testcase classname="tests.test_session_c1_api_20260215.TestFinanceInvoices" name="test_update_draft_recomputes" time="0.104" /><testcase classname="tests.test_session_c1_api_20260215.TestFinanceInvoices" name="test_pdf_generation" time="0.055" /><testcase classname="tests.test_session_c1_api_20260215.TestFinanceInvoices" name="test_send_email" time="0.313" /><testcase classname="tests.test_session_c1_api_20260215.TestFinanceInvoices" name="test_partial_and_full_payment" time="0.197" /><testcase classname="tests.test_session_c1_api_20260215.TestFinanceInvoices" name="test_edit_paid_returns_400" time="0.048" /><testcase classname="tests.test_session_c1_api_20260215.TestFinanceInvoices" name="test_delete_payment_reverts_status" time="0.148" /><testcase classname="tests.test_session_c1_api_20260215.TestFinanceMarkPaidStandalone" name="test_mark_paid" time="0.194" /><testcase classname="tests.test_session_c1_api_20260215.TestFinanceDeleteCascadesPayments" name="test_delete_cascades" time="0.190" /><testcase classname="tests.test_session_c1_api_20260215.TestSales" name="test_create_lead_has_history" time="0.052" /><testcase classname="tests.test_session_c1_api_20260215.TestSales" name="test_list_leads" time="0.048" /><testcase classname="tests.test_session_c1_api_20260215.TestSales" name="test_pipeline" time="0.045" /><testcase classname="tests.test_session_c1_api_20260215.TestSales" name="test_stage_change_appends_history" time="0.097" /><testcase classname="tests.test_session_c1_api_20260215.TestSales" name="test_full_put_stage_also_appends" time="0.102" /><testcase classname="tests.test_session_c1_api_20260215.TestSales" name="test_pipeline_aggregation_after_moves" time="0.047" /><testcase classname="tests.test_session_c1_api_20260215.TestSalesDelete" name="test_delete_lead" time="0.142" /><testcase classname="tests.test_session_c1_api_20260215.TestIsolation" name="test_unauth_cannot_list" time="0.102" /><testcase classname="tests.test_session_c1_api_20260215.TestIsolation" name="test_unauth_cannot_list_leads" time="0.149" /><testcase classname="tests.test_session_c1_api_20260215.TestHRRegression" name="test_hr_employees" time="0.148" /><testcase classname="tests.test_session_c1_20260215" name="test_finance_totals_computation" time="0.000" /><testcase classname="tests.test_session_c1_20260215" name="test_finance_totals_no_tax" time="0.000" /><testcase classname="tests.test_session_c1_20260215" name="test_finance_pdf_renders_valid_pdf" time="0.007" /><testcase classname="tests.test_session_c1_20260215" name="test_currency_symbol" time="0.000" /><testcase classname="tests.test_session_c1_20260215" name="test_pipeline_stages_order" time="0.000" /><testcase classname="tests.test_session_c1_20260215" name="test_sales_lead_stage_history_on_change" time="0.007" /><testcase classname="tests.test_session_c1_20260215" name="test_finance_invoice_creation_and_deletion" time="0.002" /></testsuite></testsuites>