<?xml version="1.0" encoding="utf-8"?><testsuites name="pytest tests"><testsuite name="pytest" errors="0" failures="0" skipped="0" tests="9" time="87.052" timestamp="2026-06-25T04:56:11.497181+00:00" hostname="agent-env-94da76c9-54af-41b6-afd3-dee03e09b776"><testcase classname="backend.tests.test_streaming_legal.TestSSEStreaming" name="test_stream_shape[zynthoro_assist]" time="4.893" /><testcase classname="backend.tests.test_streaming_legal.TestSSEStreaming" name="test_stream_shape[zyntha]" time="3.856" /><testcase classname="backend.tests.test_streaming_legal.TestSSEStreaming" name="test_stream_shape[thoro]" time="4.860" /><testcase classname="backend.tests.test_streaming_legal.TestSSEStreaming" name="test_stream_shape[zyona]" time="3.687" /><testcase classname="backend.tests.test_streaming_legal.TestSSEStreaming" name="test_stream_long_form_not_truncated" time="42.814" /><testcase classname="backend.tests.test_streaming_legal.TestSSEStreaming" name="test_stream_persists_history" time="2.894" /><testcase classname="backend.tests.test_streaming_legal.TestPromptFixes" name="test_thoro_recommends_zynthoro_not_shopify" time="14.531" /><testcase classname="backend.tests.test_streaming_legal.TestPromptFixes" name="test_zyona_only_real_assistants" time="8.196" /><testcase classname="backend.tests.test_streaming_legal.TestRegressionChat" name="test_chat_endpoint_still_works" time="1.179" /></testsuite></testsuites>